Using pre-set license
Built from '2020.3/staging' branch; Version is '2020.3.16f1 (049d6eca3c44) revision 302446'; Using compiler version '192528614'; Build Type 'Release'
OS: 'Windows 10 Home; OS build 19042.1348; Version 2009; 64bit' Language: 'zh' Physical Memory: 8013 MB
BatchMode: 1, IsHumanControllingUs: 0, StartBugReporterOnCrash: 0, Is64bit: 1, IsPro: 0

 COMMAND LINE ARGUMENTS:
C:\Program Files\Unity\Hub\Editor\2020.3.16f1\Editor\Unity.exe
-adb2
-batchMode
-noUpm
-name
AssetImportWorker0
-projectPath
C:/Users/user/Documents/GitHub/Unity_3D/Unity_3D
-logFile
Logs/AssetImportWorker0.log
-srvPort
61859
Successfully changed project path to: C:/Users/user/Documents/GitHub/Unity_3D/Unity_3D
C:/Users/user/Documents/GitHub/Unity_3D/Unity_3D
Using Asset Import Pipeline V2.
Refreshing native plugins compatible for Editor in 36.30 ms, found 2 plugins.
Preloading 0 native plugins for Editor in 0.00 ms.
Initialize engine version: 2020.3.16f1 (049d6eca3c44)
[Subsystems] Discovering subsystems at path C:/Program Files/Unity/Hub/Editor/2020.3.16f1/Editor/Data/Resources/UnitySubsystems
[Subsystems] Discovering subsystems at path C:/Users/user/Documents/GitHub/Unity_3D/Unity_3D/Assets
GfxDevice: creating device client; threaded=0
Direct3D:
    Version:  Direct3D 11.0 [level 11.1]
    Renderer: NVIDIA GeForce GTX 1650 Ti with Max-Q Design (ID=0x1f95)
    Vendor:   
    VRAM:     3962 MB
    Driver:   27.21.14.6221
Initialize mono
Mono path[0] = 'C:/Program Files/Unity/Hub/Editor/2020.3.16f1/Editor/Data/Managed'
Mono path[1] = 'C:/Program Files/Unity/Hub/Editor/2020.3.16f1/Editor/Data/MonoBleedingEdge/lib/mono/unityjit'
Mono config path = 'C:/Program Files/Unity/Hub/Editor/2020.3.16f1/Editor/Data/MonoBleedingEdge/etc'
Using monoOptions --debugger-agent=transport=dt_socket,embedding=1,server=y,suspend=n,address=127.0.0.1:56620
Begin MonoManager ReloadAssembly
Registering precompiled unity dll's ...
Register platform support module: C:/Program Files/Unity/Hub/Editor/2020.3.16f1/Editor/Data/PlaybackEngines/WebGLSupport/UnityEditor.WebGL.Extensions.dll
Register platform support module: C:/Program Files/Unity/Hub/Editor/2020.3.16f1/Editor/Data/PlaybackEngines/WindowsStandaloneSupport/UnityEditor.WindowsStandalone.Extensions.dll
Registered in 0.002005 seconds.
Native extension for WindowsStandalone target not found
Native extension for WebGL target not found
Refreshing native plugins compatible for Editor in 38.80 ms, found 2 plugins.
Preloading 0 native plugins for Editor in 0.00 ms.
Mono: successfully reloaded assembly
- Completed reload, in  1.694 seconds
Domain Reload Profiling:
	ReloadAssembly (1695ms)
		BeginReloadAssembly (86ms)
			ExecutionOrderSort (0ms)
			DisableScriptedObjects (0ms)
			BackupInstance (0ms)
			ReleaseScriptingObjects (0ms)
			CreateAndSetChildDomain (3ms)
		EndReloadAssembly (402ms)
			LoadAssemblies (80ms)
			RebuildTransferFunctionScriptingTraits (0ms)
			SetupTypeCache (135ms)
			ReleaseScriptCaches (0ms)
			RebuildScriptCaches (37ms)
			SetupLoadedEditorAssemblies (165ms)
				LogAssemblyErrors (0ms)
				InitializePlatformSupportModulesInManaged (5ms)
				SetLoadedEditorAssemblies (0ms)
				RefreshPlugins (39ms)
				BeforeProcessingInitializeOnLoad (20ms)
				ProcessInitializeOnLoadAttributes (73ms)
				ProcessInitializeOnLoadMethodAttributes (27ms)
				AfterProcessingInitializeOnLoad (0ms)
				EditorAssembliesLoaded (0ms)
			ExecutionOrderSort2 (0ms)
			AwakeInstancesAfterBackupRestoration (0ms)
Platform modules already initialized, skipping
Registering precompiled user dll's ...
Registered in 0.003468 seconds.
Begin MonoManager ReloadAssembly
Native extension for WindowsStandalone target not found
Native extension for WebGL target not found
Refreshing native plugins compatible for Editor in 0.45 ms, found 2 plugins.
Preloading 0 native plugins for Editor in 0.00 ms.
Mono: successfully reloaded assembly
- Completed reload, in  1.183 seconds
Domain Reload Profiling:
	ReloadAssembly (1184ms)
		BeginReloadAssembly (290ms)
			ExecutionOrderSort (0ms)
			DisableScriptedObjects (5ms)
			BackupInstance (0ms)
			ReleaseScriptingObjects (0ms)
			CreateAndSetChildDomain (92ms)
		EndReloadAssembly (839ms)
			LoadAssemblies (82ms)
			RebuildTransferFunctionScriptingTraits (0ms)
			SetupTypeCache (279ms)
			ReleaseScriptCaches (0ms)
			RebuildScriptCaches (43ms)
			SetupLoadedEditorAssemblies (351ms)
				LogAssemblyErrors (0ms)
				InitializePlatformSupportModulesInManaged (6ms)
				SetLoadedEditorAssemblies (0ms)
				RefreshPlugins (1ms)
				BeforeProcessingInitializeOnLoad (77ms)
				ProcessInitializeOnLoadAttributes (258ms)
				ProcessInitializeOnLoadMethodAttributes (3ms)
				AfterProcessingInitializeOnLoad (6ms)
				EditorAssembliesLoaded (0ms)
			ExecutionOrderSort2 (0ms)
			AwakeInstancesAfterBackupRestoration (6ms)
Platform modules already initialized, skipping
========================================================================
Worker process is ready to serve import requests
Launched and connected shader compiler UnityShaderCompiler.exe after 0.07 seconds
Refreshing native plugins compatible for Editor in 0.50 ms, found 2 plugins.
Preloading 0 native plugins for Editor in 0.00 ms.
Unloading 1721 Unused Serialized files (Serialized files now loaded: 0)
System memory in use before: 99.0 MB.
System memory in use after: 99.1 MB.

Unloading 18 unused Assets to reduce memory usage. Loaded Objects now: 2188.
Total: 2.865900 ms (FindLiveObjects: 0.188900 ms CreateObjectMapping: 0.079900 ms MarkObjects: 2.457700 ms  DeleteObjects: 0.138800 ms)

AssetImportParameters requested are different than current active one (requested -> active):
  custom:framework-win-MediaFoundation: 216162199b28c13a410421893ffa2e32 -> 
  custom:video-decoder-ogg-theora: a1e56fd34408186e4bbccfd4996cb3dc -> 
  custom:container-muxer-webm: aa71ff27fc2769a1b78a27578f13a17b -> 
  custom:container-demuxer-webm: 4f35f7cbe854078d1ac9338744f61a02 -> 
  custom:container-demuxer-ogg: 62fdf1f143b41e24485cea50d1cbac27 -> 
  custom:video-encoder-webm-vp8: eb34c28f22e8b96e1ab97ce403110664 -> 
  custom:video-decoder-webm-vp8: 9c59270c3fd7afecdb556c50c9e8de78 -> 
  custom:audio-decoder-ogg-vorbis: bf7c407c2cedff20999df2af8eb42d56 -> 
  custom:audio-encoder-webm-vorbis: bf7c407c2cedff20999df2af8eb42d56 -> 
========================================================================
Received Import Request.
  path: Assets/SCRIPT/Dialogue.cs
  artifactKey: Guid(4a792c52a9f801843bad8fc0f619e9ba) Importer(815301076,1909f56bfc062723c751e8b465ee728b)
Start importing Assets/SCRIPT/Dialogue.cs using Guid(4a792c52a9f801843bad8fc0f619e9ba) Importer(815301076,1909f56bfc062723c751e8b465ee728b)  -> (artifact id: 'ecff0870ead316cb389b03ea5340e296') in 0.025027 seconds 
  Import took 0.028356 seconds .

========================================================================
Received Prepare
Refreshing native plugins compatible for Editor in 2.49 ms, found 2 plugins.
Preloading 0 native plugins for Editor in 0.00 ms.
Unloading 11 Unused Serialized files (Serialized files now loaded: 0)
System memory in use before: 64.6 MB.
System memory in use after: 64.7 MB.

Unloading 11 unused Assets to reduce memory usage. Loaded Objects now: 2188.
Total: 2.964400 ms (FindLiveObjects: 0.168000 ms CreateObjectMapping: 0.054900 ms MarkObjects: 2.731000 ms  DeleteObjects: 0.009800 ms)

AssetImportParameters requested are different than current active one (requested -> active):
  custom:framework-win-MediaFoundation: 216162199b28c13a410421893ffa2e32 -> 
  custom:video-decoder-ogg-theora: a1e56fd34408186e4bbccfd4996cb3dc -> 
  custom:container-muxer-webm: aa71ff27fc2769a1b78a27578f13a17b -> 
  custom:container-demuxer-webm: 4f35f7cbe854078d1ac9338744f61a02 -> 
  custom:container-demuxer-ogg: 62fdf1f143b41e24485cea50d1cbac27 -> 
  custom:video-encoder-webm-vp8: eb34c28f22e8b96e1ab97ce403110664 -> 
  custom:video-decoder-webm-vp8: 9c59270c3fd7afecdb556c50c9e8de78 -> 
  custom:audio-decoder-ogg-vorbis: bf7c407c2cedff20999df2af8eb42d56 -> 
  custom:audio-encoder-webm-vorbis: bf7c407c2cedff20999df2af8eb42d56 -> 
========================================================================
Received Import Request.
  Time since last request: 42.797496 seconds.
  path: Assets/SCRIPT/Dialogue.cs
  artifactKey: Guid(4a792c52a9f801843bad8fc0f619e9ba) Importer(815301076,1909f56bfc062723c751e8b465ee728b)
Start importing Assets/SCRIPT/Dialogue.cs using Guid(4a792c52a9f801843bad8fc0f619e9ba) Importer(815301076,1909f56bfc062723c751e8b465ee728b)  -> (artifact id: '3ae33805a0514850c07885b8be38f294') in 0.001836 seconds 
  Import took 0.005587 seconds .

========================================================================
Received Prepare
Registering precompiled user dll's ...
Registered in 0.005290 seconds.
Begin MonoManager ReloadAssembly
Native extension for WindowsStandalone target not found
Native extension for WebGL target not found
Refreshing native plugins compatible for Editor in 0.38 ms, found 2 plugins.
Preloading 0 native plugins for Editor in 0.00 ms.
Mono: successfully reloaded assembly
- Completed reload, in  0.858 seconds
Domain Reload Profiling:
	ReloadAssembly (858ms)
		BeginReloadAssembly (107ms)
			ExecutionOrderSort (0ms)
			DisableScriptedObjects (4ms)
			BackupInstance (0ms)
			ReleaseScriptingObjects (0ms)
			CreateAndSetChildDomain (35ms)
		EndReloadAssembly (703ms)
			LoadAssemblies (70ms)
			RebuildTransferFunctionScriptingTraits (0ms)
			SetupTypeCache (236ms)
			ReleaseScriptCaches (1ms)
			RebuildScriptCaches (32ms)
			SetupLoadedEditorAssemblies (283ms)
				LogAssemblyErrors (0ms)
				InitializePlatformSupportModulesInManaged (5ms)
				SetLoadedEditorAssemblies (0ms)
				RefreshPlugins (0ms)
				BeforeProcessingInitializeOnLoad (60ms)
				ProcessInitializeOnLoadAttributes (210ms)
				ProcessInitializeOnLoadMethodAttributes (3ms)
				AfterProcessingInitializeOnLoad (5ms)
				EditorAssembliesLoaded (0ms)
			ExecutionOrderSort2 (0ms)
			AwakeInstancesAfterBackupRestoration (6ms)
Platform modules already initialized, skipping
Refreshing native plugins compatible for Editor in 0.39 ms, found 2 plugins.
Preloading 0 native plugins for Editor in 0.00 ms.
Unloading 1710 Unused Serialized files (Serialized files now loaded: 0)
System memory in use before: 98.3 MB.
System memory in use after: 98.5 MB.

Unloading 13 unused Assets to reduce memory usage. Loaded Objects now: 2190.
Total: 2.402800 ms (FindLiveObjects: 0.160600 ms CreateObjectMapping: 0.054500 ms MarkObjects: 2.175100 ms  DeleteObjects: 0.011700 ms)

AssetImportParameters requested are different than current active one (requested -> active):
  custom:framework-win-MediaFoundation: 216162199b28c13a410421893ffa2e32 -> 
  custom:video-decoder-ogg-theora: a1e56fd34408186e4bbccfd4996cb3dc -> 
  custom:container-muxer-webm: aa71ff27fc2769a1b78a27578f13a17b -> 
  custom:container-demuxer-webm: 4f35f7cbe854078d1ac9338744f61a02 -> 
  custom:container-demuxer-ogg: 62fdf1f143b41e24485cea50d1cbac27 -> 
  custom:video-encoder-webm-vp8: eb34c28f22e8b96e1ab97ce403110664 -> 
  custom:video-decoder-webm-vp8: 9c59270c3fd7afecdb556c50c9e8de78 -> 
  custom:audio-decoder-ogg-vorbis: bf7c407c2cedff20999df2af8eb42d56 -> 
  custom:audio-encoder-webm-vorbis: bf7c407c2cedff20999df2af8eb42d56 -> 
========================================================================
Received Prepare
Registering precompiled user dll's ...
Registered in 0.002867 seconds.
Begin MonoManager ReloadAssembly
Native extension for WindowsStandalone target not found
Native extension for WebGL target not found
Refreshing native plugins compatible for Editor in 0.37 ms, found 2 plugins.
Preloading 0 native plugins for Editor in 0.00 ms.
Mono: successfully reloaded assembly
- Completed reload, in  0.870 seconds
Domain Reload Profiling:
	ReloadAssembly (870ms)
		BeginReloadAssembly (109ms)
			ExecutionOrderSort (0ms)
			DisableScriptedObjects (4ms)
			BackupInstance (0ms)
			ReleaseScriptingObjects (0ms)
			CreateAndSetChildDomain (33ms)
		EndReloadAssembly (709ms)
			LoadAssemblies (80ms)
			RebuildTransferFunctionScriptingTraits (0ms)
			SetupTypeCache (231ms)
			ReleaseScriptCaches (1ms)
			RebuildScriptCaches (29ms)
			SetupLoadedEditorAssemblies (296ms)
				LogAssemblyErrors (0ms)
				InitializePlatformSupportModulesInManaged (5ms)
				SetLoadedEditorAssemblies (0ms)
				RefreshPlugins (0ms)
				BeforeProcessingInitializeOnLoad (60ms)
				ProcessInitializeOnLoadAttributes (222ms)
				ProcessInitializeOnLoadMethodAttributes (3ms)
				AfterProcessingInitializeOnLoad (5ms)
				EditorAssembliesLoaded (0ms)
			ExecutionOrderSort2 (0ms)
			AwakeInstancesAfterBackupRestoration (5ms)
Platform modules already initialized, skipping
Refreshing native plugins compatible for Editor in 0.39 ms, found 2 plugins.
Preloading 0 native plugins for Editor in 0.00 ms.
Unloading 1710 Unused Serialized files (Serialized files now loaded: 0)
System memory in use before: 98.4 MB.
System memory in use after: 98.5 MB.

Unloading 13 unused Assets to reduce memory usage. Loaded Objects now: 2192.
Total: 2.339700 ms (FindLiveObjects: 0.157100 ms CreateObjectMapping: 0.053500 ms MarkObjects: 2.096100 ms  DeleteObjects: 0.032500 ms)

AssetImportParameters requested are different than current active one (requested -> active):
  custom:framework-win-MediaFoundation: 216162199b28c13a410421893ffa2e32 -> 
  custom:video-decoder-ogg-theora: a1e56fd34408186e4bbccfd4996cb3dc -> 
  custom:container-muxer-webm: aa71ff27fc2769a1b78a27578f13a17b -> 
  custom:container-demuxer-webm: 4f35f7cbe854078d1ac9338744f61a02 -> 
  custom:container-demuxer-ogg: 62fdf1f143b41e24485cea50d1cbac27 -> 
  custom:video-encoder-webm-vp8: eb34c28f22e8b96e1ab97ce403110664 -> 
  custom:video-decoder-webm-vp8: 9c59270c3fd7afecdb556c50c9e8de78 -> 
  custom:audio-decoder-ogg-vorbis: bf7c407c2cedff20999df2af8eb42d56 -> 
  custom:audio-encoder-webm-vorbis: bf7c407c2cedff20999df2af8eb42d56 -> 
========================================================================
Received Prepare
Registering precompiled user dll's ...
Registered in 0.003055 seconds.
Begin MonoManager ReloadAssembly
Native extension for WindowsStandalone target not found
Native extension for WebGL target not found
Refreshing native plugins compatible for Editor in 0.47 ms, found 2 plugins.
Preloading 0 native plugins for Editor in 0.00 ms.
Mono: successfully reloaded assembly
- Completed reload, in  0.913 seconds
Domain Reload Profiling:
	ReloadAssembly (913ms)
		BeginReloadAssembly (94ms)
			ExecutionOrderSort (0ms)
			DisableScriptedObjects (4ms)
			BackupInstance (0ms)
			ReleaseScriptingObjects (0ms)
			CreateAndSetChildDomain (26ms)
		EndReloadAssembly (764ms)
			LoadAssemblies (83ms)
			RebuildTransferFunctionScriptingTraits (0ms)
			SetupTypeCache (252ms)
			ReleaseScriptCaches (1ms)
			RebuildScriptCaches (34ms)
			SetupLoadedEditorAssemblies (312ms)
				LogAssemblyErrors (0ms)
				InitializePlatformSupportModulesInManaged (5ms)
				SetLoadedEditorAssemblies (0ms)
				RefreshPlugins (1ms)
				BeforeProcessingInitializeOnLoad (63ms)
				ProcessInitializeOnLoadAttributes (234ms)
				ProcessInitializeOnLoadMethodAttributes (3ms)
				AfterProcessingInitializeOnLoad (5ms)
				EditorAssembliesLoaded (0ms)
			ExecutionOrderSort2 (0ms)
			AwakeInstancesAfterBackupRestoration (6ms)
Platform modules already initialized, skipping
Refreshing native plugins compatible for Editor in 0.40 ms, found 2 plugins.
Preloading 0 native plugins for Editor in 0.00 ms.
Unloading 1710 Unused Serialized files (Serialized files now loaded: 0)
System memory in use before: 98.4 MB.
System memory in use after: 98.5 MB.

Unloading 13 unused Assets to reduce memory usage. Loaded Objects now: 2194.
Total: 2.376900 ms (FindLiveObjects: 0.154400 ms CreateObjectMapping: 0.054000 ms MarkObjects: 2.155700 ms  DeleteObjects: 0.012200 ms)

AssetImportParameters requested are different than current active one (requested -> active):
  custom:framework-win-MediaFoundation: 216162199b28c13a410421893ffa2e32 -> 
  custom:video-decoder-ogg-theora: a1e56fd34408186e4bbccfd4996cb3dc -> 
  custom:container-muxer-webm: aa71ff27fc2769a1b78a27578f13a17b -> 
  custom:container-demuxer-webm: 4f35f7cbe854078d1ac9338744f61a02 -> 
  custom:container-demuxer-ogg: 62fdf1f143b41e24485cea50d1cbac27 -> 
  custom:video-encoder-webm-vp8: eb34c28f22e8b96e1ab97ce403110664 -> 
  custom:video-decoder-webm-vp8: 9c59270c3fd7afecdb556c50c9e8de78 -> 
  custom:audio-decoder-ogg-vorbis: bf7c407c2cedff20999df2af8eb42d56 -> 
  custom:audio-encoder-webm-vorbis: bf7c407c2cedff20999df2af8eb42d56 -> 
========================================================================
Received Prepare
Registering precompiled user dll's ...
Registered in 0.003616 seconds.
Begin MonoManager ReloadAssembly
Native extension for WindowsStandalone target not found
Native extension for WebGL target not found
Refreshing native plugins compatible for Editor in 0.37 ms, found 2 plugins.
Preloading 0 native plugins for Editor in 0.00 ms.
Mono: successfully reloaded assembly
- Completed reload, in  0.852 seconds
Domain Reload Profiling:
	ReloadAssembly (853ms)
		BeginReloadAssembly (93ms)
			ExecutionOrderSort (0ms)
			DisableScriptedObjects (4ms)
			BackupInstance (0ms)
			ReleaseScriptingObjects (0ms)
			CreateAndSetChildDomain (28ms)
		EndReloadAssembly (701ms)
			LoadAssemblies (78ms)
			RebuildTransferFunctionScriptingTraits (0ms)
			SetupTypeCache (227ms)
			ReleaseScriptCaches (1ms)
			RebuildScriptCaches (30ms)
			SetupLoadedEditorAssemblies (294ms)
				LogAssemblyErrors (0ms)
				InitializePlatformSupportModulesInManaged (5ms)
				SetLoadedEditorAssemblies (0ms)
				RefreshPlugins (0ms)
				BeforeProcessingInitializeOnLoad (59ms)
				ProcessInitializeOnLoadAttributes (221ms)
				ProcessInitializeOnLoadMethodAttributes (3ms)
				AfterProcessingInitializeOnLoad (5ms)
				EditorAssembliesLoaded (0ms)
			ExecutionOrderSort2 (0ms)
			AwakeInstancesAfterBackupRestoration (5ms)
Platform modules already initialized, skipping
Refreshing native plugins compatible for Editor in 0.43 ms, found 2 plugins.
Preloading 0 native plugins for Editor in 0.00 ms.
Unloading 1710 Unused Serialized files (Serialized files now loaded: 0)
System memory in use before: 98.4 MB.
System memory in use after: 98.5 MB.

Unloading 13 unused Assets to reduce memory usage. Loaded Objects now: 2196.
Total: 2.435600 ms (FindLiveObjects: 0.171000 ms CreateObjectMapping: 0.052800 ms MarkObjects: 2.195800 ms  DeleteObjects: 0.014800 ms)

AssetImportParameters requested are different than current active one (requested -> active):
  custom:framework-win-MediaFoundation: 216162199b28c13a410421893ffa2e32 -> 
  custom:video-decoder-ogg-theora: a1e56fd34408186e4bbccfd4996cb3dc -> 
  custom:container-muxer-webm: aa71ff27fc2769a1b78a27578f13a17b -> 
  custom:container-demuxer-webm: 4f35f7cbe854078d1ac9338744f61a02 -> 
  custom:container-demuxer-ogg: 62fdf1f143b41e24485cea50d1cbac27 -> 
  custom:video-encoder-webm-vp8: eb34c28f22e8b96e1ab97ce403110664 -> 
  custom:video-decoder-webm-vp8: 9c59270c3fd7afecdb556c50c9e8de78 -> 
  custom:audio-decoder-ogg-vorbis: bf7c407c2cedff20999df2af8eb42d56 -> 
  custom:audio-encoder-webm-vorbis: bf7c407c2cedff20999df2af8eb42d56 -> 
========================================================================
Received Prepare
Registering precompiled user dll's ...
Registered in 0.003063 seconds.
Begin MonoManager ReloadAssembly
Native extension for WindowsStandalone target not found
Native extension for WebGL target not found
Refreshing native plugins compatible for Editor in 0.37 ms, found 2 plugins.
Preloading 0 native plugins for Editor in 0.00 ms.
Mono: successfully reloaded assembly
- Completed reload, in  0.854 seconds
Domain Reload Profiling:
	ReloadAssembly (855ms)
		BeginReloadAssembly (93ms)
			ExecutionOrderSort (0ms)
			DisableScriptedObjects (4ms)
			BackupInstance (0ms)
			ReleaseScriptingObjects (0ms)
			CreateAndSetChildDomain (29ms)
		EndReloadAssembly (707ms)
			LoadAssemblies (78ms)
			RebuildTransferFunctionScriptingTraits (0ms)
			SetupTypeCache (230ms)
			ReleaseScriptCaches (1ms)
			RebuildScriptCaches (30ms)
			SetupLoadedEditorAssemblies (295ms)
				LogAssemblyErrors (0ms)
				InitializePlatformSupportModulesInManaged (5ms)
				SetLoadedEditorAssemblies (0ms)
				RefreshPlugins (0ms)
				BeforeProcessingInitializeOnLoad (58ms)
				ProcessInitializeOnLoadAttributes (223ms)
				ProcessInitializeOnLoadMethodAttributes (3ms)
				AfterProcessingInitializeOnLoad (5ms)
				EditorAssembliesLoaded (0ms)
			ExecutionOrderSort2 (0ms)
			AwakeInstancesAfterBackupRestoration (5ms)
Platform modules already initialized, skipping
Refreshing native plugins compatible for Editor in 0.41 ms, found 2 plugins.
Preloading 0 native plugins for Editor in 0.00 ms.
Unloading 1710 Unused Serialized files (Serialized files now loaded: 0)
System memory in use before: 98.4 MB.
System memory in use after: 98.5 MB.

Unloading 13 unused Assets to reduce memory usage. Loaded Objects now: 2198.
Total: 2.413400 ms (FindLiveObjects: 0.151700 ms CreateObjectMapping: 0.052100 ms MarkObjects: 2.195900 ms  DeleteObjects: 0.013000 ms)

AssetImportParameters requested are different than current active one (requested -> active):
  custom:framework-win-MediaFoundation: 216162199b28c13a410421893ffa2e32 -> 
  custom:video-decoder-ogg-theora: a1e56fd34408186e4bbccfd4996cb3dc -> 
  custom:container-muxer-webm: aa71ff27fc2769a1b78a27578f13a17b -> 
  custom:container-demuxer-webm: 4f35f7cbe854078d1ac9338744f61a02 -> 
  custom:container-demuxer-ogg: 62fdf1f143b41e24485cea50d1cbac27 -> 
  custom:video-encoder-webm-vp8: eb34c28f22e8b96e1ab97ce403110664 -> 
  custom:video-decoder-webm-vp8: 9c59270c3fd7afecdb556c50c9e8de78 -> 
  custom:audio-decoder-ogg-vorbis: bf7c407c2cedff20999df2af8eb42d56 -> 
  custom:audio-encoder-webm-vorbis: bf7c407c2cedff20999df2af8eb42d56 -> 
========================================================================
Received Prepare
Registering precompiled user dll's ...
Registered in 0.003412 seconds.
Begin MonoManager ReloadAssembly
Native extension for WindowsStandalone target not found
Native extension for WebGL target not found
Refreshing native plugins compatible for Editor in 0.37 ms, found 2 plugins.
Preloading 0 native plugins for Editor in 0.00 ms.
Mono: successfully reloaded assembly
- Completed reload, in  0.861 seconds
Domain Reload Profiling:
	ReloadAssembly (861ms)
		BeginReloadAssembly (102ms)
			ExecutionOrderSort (0ms)
			DisableScriptedObjects (4ms)
			BackupInstance (0ms)
			ReleaseScriptingObjects (0ms)
			CreateAndSetChildDomain (25ms)
		EndReloadAssembly (702ms)
			LoadAssemblies (74ms)
			RebuildTransferFunctionScriptingTraits (0ms)
			SetupTypeCache (233ms)
			ReleaseScriptCaches (1ms)
			RebuildScriptCaches (31ms)
			SetupLoadedEditorAssemblies (286ms)
				LogAssemblyErrors (0ms)
				InitializePlatformSupportModulesInManaged (5ms)
				SetLoadedEditorAssemblies (0ms)
				RefreshPlugins (0ms)
				BeforeProcessingInitializeOnLoad (63ms)
				ProcessInitializeOnLoadAttributes (209ms)
				ProcessInitializeOnLoadMethodAttributes (3ms)
				AfterProcessingInitializeOnLoad (5ms)
				EditorAssembliesLoaded (0ms)
			ExecutionOrderSort2 (0ms)
			AwakeInstancesAfterBackupRestoration (5ms)
Platform modules already initialized, skipping
Refreshing native plugins compatible for Editor in 0.39 ms, found 2 plugins.
Preloading 0 native plugins for Editor in 0.00 ms.
Unloading 1710 Unused Serialized files (Serialized files now loaded: 0)
System memory in use before: 98.4 MB.
System memory in use after: 98.5 MB.

Unloading 13 unused Assets to reduce memory usage. Loaded Objects now: 2200.
Total: 2.338900 ms (FindLiveObjects: 0.154100 ms CreateObjectMapping: 0.053100 ms MarkObjects: 2.118400 ms  DeleteObjects: 0.012200 ms)

AssetImportParameters requested are different than current active one (requested -> active):
  custom:framework-win-MediaFoundation: 216162199b28c13a410421893ffa2e32 -> 
  custom:video-decoder-ogg-theora: a1e56fd34408186e4bbccfd4996cb3dc -> 
  custom:container-muxer-webm: aa71ff27fc2769a1b78a27578f13a17b -> 
  custom:container-demuxer-webm: 4f35f7cbe854078d1ac9338744f61a02 -> 
  custom:container-demuxer-ogg: 62fdf1f143b41e24485cea50d1cbac27 -> 
  custom:video-encoder-webm-vp8: eb34c28f22e8b96e1ab97ce403110664 -> 
  custom:video-decoder-webm-vp8: 9c59270c3fd7afecdb556c50c9e8de78 -> 
  custom:audio-decoder-ogg-vorbis: bf7c407c2cedff20999df2af8eb42d56 -> 
  custom:audio-encoder-webm-vorbis: bf7c407c2cedff20999df2af8eb42d56 -> 
========================================================================
Received Prepare
Registering precompiled user dll's ...
Registered in 0.002882 seconds.
Begin MonoManager ReloadAssembly
Native extension for WindowsStandalone target not found
Native extension for WebGL target not found
Refreshing native plugins compatible for Editor in 0.39 ms, found 2 plugins.
Preloading 0 native plugins for Editor in 0.00 ms.
Mono: successfully reloaded assembly
- Completed reload, in  0.905 seconds
Domain Reload Profiling:
	ReloadAssembly (905ms)
		BeginReloadAssembly (110ms)
			ExecutionOrderSort (0ms)
			DisableScriptedObjects (4ms)
			BackupInstance (0ms)
			ReleaseScriptingObjects (0ms)
			CreateAndSetChildDomain (27ms)
		EndReloadAssembly (738ms)
			LoadAssemblies (85ms)
			RebuildTransferFunctionScriptingTraits (0ms)
			SetupTypeCache (229ms)
			ReleaseScriptCaches (1ms)
			RebuildScriptCaches (42ms)
			SetupLoadedEditorAssemblies (312ms)
				LogAssemblyErrors (0ms)
				InitializePlatformSupportModulesInManaged (5ms)
				SetLoadedEditorAssemblies (0ms)
				RefreshPlugins (0ms)
				BeforeProcessingInitializeOnLoad (65ms)
				ProcessInitializeOnLoadAttributes (234ms)
				ProcessInitializeOnLoadMethodAttributes (3ms)
				AfterProcessingInitializeOnLoad (6ms)
				EditorAssembliesLoaded (0ms)
			ExecutionOrderSort2 (0ms)
			AwakeInstancesAfterBackupRestoration (5ms)
Platform modules already initialized, skipping
Refreshing native plugins compatible for Editor in 0.40 ms, found 2 plugins.
Preloading 0 native plugins for Editor in 0.00 ms.
Unloading 1710 Unused Serialized files (Serialized files now loaded: 0)
System memory in use before: 98.4 MB.
System memory in use after: 98.5 MB.

Unloading 13 unused Assets to reduce memory usage. Loaded Objects now: 2202.
Total: 2.667300 ms (FindLiveObjects: 0.150500 ms CreateObjectMapping: 0.052800 ms MarkObjects: 2.409000 ms  DeleteObjects: 0.054300 ms)

AssetImportParameters requested are different than current active one (requested -> active):
  custom:framework-win-MediaFoundation: 216162199b28c13a410421893ffa2e32 -> 
  custom:video-decoder-ogg-theora: a1e56fd34408186e4bbccfd4996cb3dc -> 
  custom:container-muxer-webm: aa71ff27fc2769a1b78a27578f13a17b -> 
  custom:container-demuxer-webm: 4f35f7cbe854078d1ac9338744f61a02 -> 
  custom:container-demuxer-ogg: 62fdf1f143b41e24485cea50d1cbac27 -> 
  custom:video-encoder-webm-vp8: eb34c28f22e8b96e1ab97ce403110664 -> 
  custom:video-decoder-webm-vp8: 9c59270c3fd7afecdb556c50c9e8de78 -> 
  custom:audio-decoder-ogg-vorbis: bf7c407c2cedff20999df2af8eb42d56 -> 
  custom:audio-encoder-webm-vorbis: bf7c407c2cedff20999df2af8eb42d56 -> 
========================================================================
Received Prepare
Registering precompiled user dll's ...
Registered in 0.003210 seconds.
Begin MonoManager ReloadAssembly
Native extension for WindowsStandalone target not found
Native extension for WebGL target not found
Refreshing native plugins compatible for Editor in 0.59 ms, found 2 plugins.
Preloading 0 native plugins for Editor in 0.00 ms.
Mono: successfully reloaded assembly
- Completed reload, in  0.951 seconds
Domain Reload Profiling:
	ReloadAssembly (951ms)
		BeginReloadAssembly (116ms)
			ExecutionOrderSort (0ms)
			DisableScriptedObjects (4ms)
			BackupInstance (0ms)
			ReleaseScriptingObjects (0ms)
			CreateAndSetChildDomain (30ms)
		EndReloadAssembly (780ms)
			LoadAssemblies (94ms)
			RebuildTransferFunctionScriptingTraits (0ms)
			SetupTypeCache (248ms)
			ReleaseScriptCaches (1ms)
			RebuildScriptCaches (33ms)
			SetupLoadedEditorAssemblies (319ms)
				LogAssemblyErrors (0ms)
				InitializePlatformSupportModulesInManaged (6ms)
				SetLoadedEditorAssemblies (0ms)
				RefreshPlugins (1ms)
				BeforeProcessingInitializeOnLoad (65ms)
				ProcessInitializeOnLoadAttributes (240ms)
				ProcessInitializeOnLoadMethodAttributes (3ms)
				AfterProcessingInitializeOnLoad (5ms)
				EditorAssembliesLoaded (0ms)
			ExecutionOrderSort2 (0ms)
			AwakeInstancesAfterBackupRestoration (5ms)
Platform modules already initialized, skipping
Refreshing native plugins compatible for Editor in 0.63 ms, found 2 plugins.
Preloading 0 native plugins for Editor in 0.00 ms.
Unloading 1710 Unused Serialized files (Serialized files now loaded: 0)
System memory in use before: 98.4 MB.
System memory in use after: 98.5 MB.

Unloading 13 unused Assets to reduce memory usage. Loaded Objects now: 2204.
Total: 2.441300 ms (FindLiveObjects: 0.185500 ms CreateObjectMapping: 0.060000 ms MarkObjects: 2.182100 ms  DeleteObjects: 0.013000 ms)

AssetImportParameters requested are different than current active one (requested -> active):
  custom:framework-win-MediaFoundation: 216162199b28c13a410421893ffa2e32 -> 
  custom:video-decoder-ogg-theora: a1e56fd34408186e4bbccfd4996cb3dc -> 
  custom:container-muxer-webm: aa71ff27fc2769a1b78a27578f13a17b -> 
  custom:container-demuxer-webm: 4f35f7cbe854078d1ac9338744f61a02 -> 
  custom:container-demuxer-ogg: 62fdf1f143b41e24485cea50d1cbac27 -> 
  custom:video-encoder-webm-vp8: eb34c28f22e8b96e1ab97ce403110664 -> 
  custom:video-decoder-webm-vp8: 9c59270c3fd7afecdb556c50c9e8de78 -> 
  custom:audio-decoder-ogg-vorbis: bf7c407c2cedff20999df2af8eb42d56 -> 
  custom:audio-encoder-webm-vorbis: bf7c407c2cedff20999df2af8eb42d56 -> 
========================================================================
Received Prepare
Registering precompiled user dll's ...
Registered in 0.003200 seconds.
Begin MonoManager ReloadAssembly
Native extension for WindowsStandalone target not found
Native extension for WebGL target not found
Refreshing native plugins compatible for Editor in 0.37 ms, found 2 plugins.
Preloading 0 native plugins for Editor in 0.00 ms.
Mono: successfully reloaded assembly
- Completed reload, in  0.866 seconds
Domain Reload Profiling:
	ReloadAssembly (866ms)
		BeginReloadAssembly (96ms)
			ExecutionOrderSort (0ms)
			DisableScriptedObjects (4ms)
			BackupInstance (0ms)
			ReleaseScriptingObjects (0ms)
			CreateAndSetChildDomain (26ms)
		EndReloadAssembly (715ms)
			LoadAssemblies (75ms)
			RebuildTransferFunctionScriptingTraits (0ms)
			SetupTypeCache (232ms)
			ReleaseScriptCaches (1ms)
			RebuildScriptCaches (31ms)
			SetupLoadedEditorAssemblies (301ms)
				LogAssemblyErrors (0ms)
				InitializePlatformSupportModulesInManaged (5ms)
				SetLoadedEditorAssemblies (0ms)
				RefreshPlugins (0ms)
				BeforeProcessingInitializeOnLoad (62ms)
				ProcessInitializeOnLoadAttributes (226ms)
				ProcessInitializeOnLoadMethodAttributes (3ms)
				AfterProcessingInitializeOnLoad (5ms)
				EditorAssembliesLoaded (0ms)
			ExecutionOrderSort2 (0ms)
			AwakeInstancesAfterBackupRestoration (5ms)
Platform modules already initialized, skipping
Refreshing native plugins compatible for Editor in 0.62 ms, found 2 plugins.
Preloading 0 native plugins for Editor in 0.00 ms.
Unloading 1710 Unused Serialized files (Serialized files now loaded: 0)
System memory in use before: 98.4 MB.
System memory in use after: 98.6 MB.

Unloading 13 unused Assets to reduce memory usage. Loaded Objects now: 2206.
Total: 2.506800 ms (FindLiveObjects: 0.151200 ms CreateObjectMapping: 0.049300 ms MarkObjects: 2.292300 ms  DeleteObjects: 0.013300 ms)

AssetImportParameters requested are different than current active one (requested -> active):
  custom:framework-win-MediaFoundation: 216162199b28c13a410421893ffa2e32 -> 
  custom:video-decoder-ogg-theora: a1e56fd34408186e4bbccfd4996cb3dc -> 
  custom:container-muxer-webm: aa71ff27fc2769a1b78a27578f13a17b -> 
  custom:container-demuxer-webm: 4f35f7cbe854078d1ac9338744f61a02 -> 
  custom:container-demuxer-ogg: 62fdf1f143b41e24485cea50d1cbac27 -> 
  custom:video-encoder-webm-vp8: eb34c28f22e8b96e1ab97ce403110664 -> 
  custom:video-decoder-webm-vp8: 9c59270c3fd7afecdb556c50c9e8de78 -> 
  custom:audio-decoder-ogg-vorbis: bf7c407c2cedff20999df2af8eb42d56 -> 
  custom:audio-encoder-webm-vorbis: bf7c407c2cedff20999df2af8eb42d56 -> 
========================================================================
Received Prepare
Registering precompiled user dll's ...
Registered in 0.005057 seconds.
Begin MonoManager ReloadAssembly
Native extension for WindowsStandalone target not found
Native extension for WebGL target not found
Refreshing native plugins compatible for Editor in 0.39 ms, found 2 plugins.
Preloading 0 native plugins for Editor in 0.00 ms.
Mono: successfully reloaded assembly
- Completed reload, in  0.958 seconds
Domain Reload Profiling:
	ReloadAssembly (958ms)
		BeginReloadAssembly (87ms)
			ExecutionOrderSort (0ms)
			DisableScriptedObjects (4ms)
			BackupInstance (0ms)
			ReleaseScriptingObjects (0ms)
			CreateAndSetChildDomain (26ms)
		EndReloadAssembly (816ms)
			LoadAssemblies (70ms)
			RebuildTransferFunctionScriptingTraits (0ms)
			SetupTypeCache (305ms)
			ReleaseScriptCaches (3ms)
			RebuildScriptCaches (36ms)
			SetupLoadedEditorAssemblies (320ms)
				LogAssemblyErrors (0ms)
				InitializePlatformSupportModulesInManaged (5ms)
				SetLoadedEditorAssemblies (0ms)
				RefreshPlugins (0ms)
				BeforeProcessingInitializeOnLoad (59ms)
				ProcessInitializeOnLoadAttributes (248ms)
				ProcessInitializeOnLoadMethodAttributes (3ms)
				AfterProcessingInitializeOnLoad (5ms)
				EditorAssembliesLoaded (0ms)
			ExecutionOrderSort2 (0ms)
			AwakeInstancesAfterBackupRestoration (5ms)
Platform modules already initialized, skipping
Refreshing native plugins compatible for Editor in 0.38 ms, found 2 plugins.
Preloading 0 native plugins for Editor in 0.00 ms.
Unloading 1710 Unused Serialized files (Serialized files now loaded: 0)
System memory in use before: 98.4 MB.
System memory in use after: 98.6 MB.

Unloading 13 unused Assets to reduce memory usage. Loaded Objects now: 2208.
Total: 2.576900 ms (FindLiveObjects: 0.204700 ms CreateObjectMapping: 0.074800 ms MarkObjects: 2.278400 ms  DeleteObjects: 0.018200 ms)

AssetImportParameters requested are different than current active one (requested -> active):
  custom:framework-win-MediaFoundation: 216162199b28c13a410421893ffa2e32 -> 
  custom:video-decoder-ogg-theora: a1e56fd34408186e4bbccfd4996cb3dc -> 
  custom:container-muxer-webm: aa71ff27fc2769a1b78a27578f13a17b -> 
  custom:container-demuxer-webm: 4f35f7cbe854078d1ac9338744f61a02 -> 
  custom:container-demuxer-ogg: 62fdf1f143b41e24485cea50d1cbac27 -> 
  custom:video-encoder-webm-vp8: eb34c28f22e8b96e1ab97ce403110664 -> 
  custom:video-decoder-webm-vp8: 9c59270c3fd7afecdb556c50c9e8de78 -> 
  custom:audio-decoder-ogg-vorbis: bf7c407c2cedff20999df2af8eb42d56 -> 
  custom:audio-encoder-webm-vorbis: bf7c407c2cedff20999df2af8eb42d56 -> 
========================================================================
Received Prepare
Registering precompiled user dll's ...
Registered in 0.003298 seconds.
Begin MonoManager ReloadAssembly
Native extension for WindowsStandalone target not found
Native extension for WebGL target not found
Refreshing native plugins compatible for Editor in 0.38 ms, found 2 plugins.
Preloading 0 native plugins for Editor in 0.00 ms.
Mono: successfully reloaded assembly
- Completed reload, in  0.874 seconds
Domain Reload Profiling:
	ReloadAssembly (874ms)
		BeginReloadAssembly (104ms)
			ExecutionOrderSort (0ms)
			DisableScriptedObjects (4ms)
			BackupInstance (0ms)
			ReleaseScriptingObjects (0ms)
			CreateAndSetChildDomain (30ms)
		EndReloadAssembly (714ms)
			LoadAssemblies (74ms)
			RebuildTransferFunctionScriptingTraits (0ms)
			SetupTypeCache (236ms)
			ReleaseScriptCaches (1ms)
			RebuildScriptCaches (30ms)
			SetupLoadedEditorAssemblies (299ms)
				LogAssemblyErrors (0ms)
				InitializePlatformSupportModulesInManaged (5ms)
				SetLoadedEditorAssemblies (0ms)
				RefreshPlugins (0ms)
				BeforeProcessingInitializeOnLoad (61ms)
				ProcessInitializeOnLoadAttributes (222ms)
				ProcessInitializeOnLoadMethodAttributes (3ms)
				AfterProcessingInitializeOnLoad (7ms)
				EditorAssembliesLoaded (0ms)
			ExecutionOrderSort2 (0ms)
			AwakeInstancesAfterBackupRestoration (6ms)
Platform modules already initialized, skipping
Refreshing native plugins compatible for Editor in 0.41 ms, found 2 plugins.
Preloading 0 native plugins for Editor in 0.00 ms.
Unloading 1710 Unused Serialized files (Serialized files now loaded: 0)
System memory in use before: 98.5 MB.
System memory in use after: 98.6 MB.

Unloading 13 unused Assets to reduce memory usage. Loaded Objects now: 2210.
Total: 2.349700 ms (FindLiveObjects: 0.182500 ms CreateObjectMapping: 0.051400 ms MarkObjects: 2.100500 ms  DeleteObjects: 0.013300 ms)

AssetImportParameters requested are different than current active one (requested -> active):
  custom:framework-win-MediaFoundation: 216162199b28c13a410421893ffa2e32 -> 
  custom:video-decoder-ogg-theora: a1e56fd34408186e4bbccfd4996cb3dc -> 
  custom:container-muxer-webm: aa71ff27fc2769a1b78a27578f13a17b -> 
  custom:container-demuxer-webm: 4f35f7cbe854078d1ac9338744f61a02 -> 
  custom:container-demuxer-ogg: 62fdf1f143b41e24485cea50d1cbac27 -> 
  custom:video-encoder-webm-vp8: eb34c28f22e8b96e1ab97ce403110664 -> 
  custom:video-decoder-webm-vp8: 9c59270c3fd7afecdb556c50c9e8de78 -> 
  custom:audio-decoder-ogg-vorbis: bf7c407c2cedff20999df2af8eb42d56 -> 
  custom:audio-encoder-webm-vorbis: bf7c407c2cedff20999df2af8eb42d56 -> 
========================================================================
Received Prepare
Registering precompiled user dll's ...
Registered in 0.003147 seconds.
Begin MonoManager ReloadAssembly
Native extension for WindowsStandalone target not found
Native extension for WebGL target not found
Refreshing native plugins compatible for Editor in 0.38 ms, found 2 plugins.
Preloading 0 native plugins for Editor in 0.00 ms.
Mono: successfully reloaded assembly
- Completed reload, in  0.869 seconds
Domain Reload Profiling:
	ReloadAssembly (870ms)
		BeginReloadAssembly (107ms)
			ExecutionOrderSort (0ms)
			DisableScriptedObjects (4ms)
			BackupInstance (0ms)
			ReleaseScriptingObjects (0ms)
			CreateAndSetChildDomain (26ms)
		EndReloadAssembly (709ms)
			LoadAssemblies (77ms)
			RebuildTransferFunctionScriptingTraits (0ms)
			SetupTypeCache (230ms)
			ReleaseScriptCaches (1ms)
			RebuildScriptCaches (30ms)
			SetupLoadedEditorAssemblies (300ms)
				LogAssemblyErrors (0ms)
				InitializePlatformSupportModulesInManaged (5ms)
				SetLoadedEditorAssemblies (0ms)
				RefreshPlugins (0ms)
				BeforeProcessingInitializeOnLoad (59ms)
				ProcessInitializeOnLoadAttributes (226ms)
				ProcessInitializeOnLoadMethodAttributes (3ms)
				AfterProcessingInitializeOnLoad (7ms)
				EditorAssembliesLoaded (0ms)
			ExecutionOrderSort2 (0ms)
			AwakeInstancesAfterBackupRestoration (6ms)
Platform modules already initialized, skipping
Refreshing native plugins compatible for Editor in 0.39 ms, found 2 plugins.
Preloading 0 native plugins for Editor in 0.00 ms.
Unloading 1710 Unused Serialized files (Serialized files now loaded: 0)
System memory in use before: 98.5 MB.
System memory in use after: 98.6 MB.

Unloading 13 unused Assets to reduce memory usage. Loaded Objects now: 2212.
Total: 2.422500 ms (FindLiveObjects: 0.217100 ms CreateObjectMapping: 0.078200 ms MarkObjects: 2.113100 ms  DeleteObjects: 0.013400 ms)

AssetImportParameters requested are different than current active one (requested -> active):
  custom:framework-win-MediaFoundation: 216162199b28c13a410421893ffa2e32 -> 
  custom:video-decoder-ogg-theora: a1e56fd34408186e4bbccfd4996cb3dc -> 
  custom:container-muxer-webm: aa71ff27fc2769a1b78a27578f13a17b -> 
  custom:container-demuxer-webm: 4f35f7cbe854078d1ac9338744f61a02 -> 
  custom:container-demuxer-ogg: 62fdf1f143b41e24485cea50d1cbac27 -> 
  custom:video-encoder-webm-vp8: eb34c28f22e8b96e1ab97ce403110664 -> 
  custom:video-decoder-webm-vp8: 9c59270c3fd7afecdb556c50c9e8de78 -> 
  custom:audio-decoder-ogg-vorbis: bf7c407c2cedff20999df2af8eb42d56 -> 
  custom:audio-encoder-webm-vorbis: bf7c407c2cedff20999df2af8eb42d56 -> 
========================================================================
Received Prepare
Registering precompiled user dll's ...
Registered in 0.003495 seconds.
Begin MonoManager ReloadAssembly
Native extension for WindowsStandalone target not found
Native extension for WebGL target not found
Refreshing native plugins compatible for Editor in 0.38 ms, found 2 plugins.
Preloading 0 native plugins for Editor in 0.00 ms.
Mono: successfully reloaded assembly
- Completed reload, in  0.861 seconds
Domain Reload Profiling:
	ReloadAssembly (862ms)
		BeginReloadAssembly (104ms)
			ExecutionOrderSort (0ms)
			DisableScriptedObjects (4ms)
			BackupInstance (0ms)
			ReleaseScriptingObjects (0ms)
			CreateAndSetChildDomain (34ms)
		EndReloadAssembly (707ms)
			LoadAssemblies (72ms)
			RebuildTransferFunctionScriptingTraits (0ms)
			SetupTypeCache (229ms)
			ReleaseScriptCaches (1ms)
			RebuildScriptCaches (32ms)
			SetupLoadedEditorAssemblies (290ms)
				LogAssemblyErrors (0ms)
				InitializePlatformSupportModulesInManaged (5ms)
				SetLoadedEditorAssemblies (0ms)
				RefreshPlugins (0ms)
				BeforeProcessingInitializeOnLoad (64ms)
				ProcessInitializeOnLoadAttributes (213ms)
				ProcessInitializeOnLoadMethodAttributes (3ms)
				AfterProcessingInitializeOnLoad (6ms)
				EditorAssembliesLoaded (0ms)
			ExecutionOrderSort2 (0ms)
			AwakeInstancesAfterBackupRestoration (5ms)
Platform modules already initialized, skipping
Refreshing native plugins compatible for Editor in 0.43 ms, found 2 plugins.
Preloading 0 native plugins for Editor in 0.00 ms.
Unloading 1710 Unused Serialized files (Serialized files now loaded: 0)
System memory in use before: 98.5 MB.
System memory in use after: 98.6 MB.

Unloading 13 unused Assets to reduce memory usage. Loaded Objects now: 2214.
Total: 2.537300 ms (FindLiveObjects: 0.156600 ms CreateObjectMapping: 0.058100 ms MarkObjects: 2.308000 ms  DeleteObjects: 0.013600 ms)

AssetImportParameters requested are different than current active one (requested -> active):
  custom:framework-win-MediaFoundation: 216162199b28c13a410421893ffa2e32 -> 
  custom:video-decoder-ogg-theora: a1e56fd34408186e4bbccfd4996cb3dc -> 
  custom:container-muxer-webm: aa71ff27fc2769a1b78a27578f13a17b -> 
  custom:container-demuxer-webm: 4f35f7cbe854078d1ac9338744f61a02 -> 
  custom:container-demuxer-ogg: 62fdf1f143b41e24485cea50d1cbac27 -> 
  custom:video-encoder-webm-vp8: eb34c28f22e8b96e1ab97ce403110664 -> 
  custom:video-decoder-webm-vp8: 9c59270c3fd7afecdb556c50c9e8de78 -> 
  custom:audio-decoder-ogg-vorbis: bf7c407c2cedff20999df2af8eb42d56 -> 
  custom:audio-encoder-webm-vorbis: bf7c407c2cedff20999df2af8eb42d56 -> 
========================================================================
Received Prepare
Registering precompiled user dll's ...
Registered in 0.004150 seconds.
Begin MonoManager ReloadAssembly
Native extension for WindowsStandalone target not found
Native extension for WebGL target not found
Refreshing native plugins compatible for Editor in 0.40 ms, found 2 plugins.
Preloading 0 native plugins for Editor in 0.00 ms.
Mono: successfully reloaded assembly
- Completed reload, in  1.004 seconds
Domain Reload Profiling:
	ReloadAssembly (1005ms)
		BeginReloadAssembly (115ms)
			ExecutionOrderSort (0ms)
			DisableScriptedObjects (4ms)
			BackupInstance (0ms)
			ReleaseScriptingObjects (0ms)
			CreateAndSetChildDomain (38ms)
		EndReloadAssembly (832ms)
			LoadAssemblies (84ms)
			RebuildTransferFunctionScriptingTraits (0ms)
			SetupTypeCache (281ms)
			ReleaseScriptCaches (1ms)
			RebuildScriptCaches (34ms)
			SetupLoadedEditorAssemblies (346ms)
				LogAssemblyErrors (0ms)
				InitializePlatformSupportModulesInManaged (6ms)
				SetLoadedEditorAssemblies (0ms)
				RefreshPlugins (0ms)
				BeforeProcessingInitializeOnLoad (70ms)
				ProcessInitializeOnLoadAttributes (258ms)
				ProcessInitializeOnLoadMethodAttributes (5ms)
				AfterProcessingInitializeOnLoad (6ms)
				EditorAssembliesLoaded (0ms)
			ExecutionOrderSort2 (0ms)
			AwakeInstancesAfterBackupRestoration (7ms)
Platform modules already initialized, skipping
Refreshing native plugins compatible for Editor in 0.47 ms, found 2 plugins.
Preloading 0 native plugins for Editor in 0.00 ms.
Unloading 1710 Unused Serialized files (Serialized files now loaded: 0)
System memory in use before: 98.5 MB.
System memory in use after: 98.6 MB.

Unloading 13 unused Assets to reduce memory usage. Loaded Objects now: 2216.
Total: 2.924800 ms (FindLiveObjects: 0.207500 ms CreateObjectMapping: 0.054000 ms MarkObjects: 2.607100 ms  DeleteObjects: 0.055200 ms)

AssetImportParameters requested are different than current active one (requested -> active):
  custom:framework-win-MediaFoundation: 216162199b28c13a410421893ffa2e32 -> 
  custom:video-decoder-ogg-theora: a1e56fd34408186e4bbccfd4996cb3dc -> 
  custom:container-muxer-webm: aa71ff27fc2769a1b78a27578f13a17b -> 
  custom:container-demuxer-webm: 4f35f7cbe854078d1ac9338744f61a02 -> 
  custom:container-demuxer-ogg: 62fdf1f143b41e24485cea50d1cbac27 -> 
  custom:video-encoder-webm-vp8: eb34c28f22e8b96e1ab97ce403110664 -> 
  custom:video-decoder-webm-vp8: 9c59270c3fd7afecdb556c50c9e8de78 -> 
  custom:audio-decoder-ogg-vorbis: bf7c407c2cedff20999df2af8eb42d56 -> 
  custom:audio-encoder-webm-vorbis: bf7c407c2cedff20999df2af8eb42d56 -> 
========================================================================
Received Prepare
Registering precompiled user dll's ...
Registered in 0.003768 seconds.
Begin MonoManager ReloadAssembly
Native extension for WindowsStandalone target not found
Native extension for WebGL target not found
Refreshing native plugins compatible for Editor in 0.39 ms, found 2 plugins.
Preloading 0 native plugins for Editor in 0.00 ms.
Mono: successfully reloaded assembly
- Completed reload, in  1.049 seconds
Domain Reload Profiling:
	ReloadAssembly (1050ms)
		BeginReloadAssembly (126ms)
			ExecutionOrderSort (0ms)
			DisableScriptedObjects (6ms)
			BackupInstance (0ms)
			ReleaseScriptingObjects (0ms)
			CreateAndSetChildDomain (35ms)
		EndReloadAssembly (860ms)
			LoadAssemblies (87ms)
			RebuildTransferFunctionScriptingTraits (0ms)
			SetupTypeCache (296ms)
			ReleaseScriptCaches (1ms)
			RebuildScriptCaches (37ms)
			SetupLoadedEditorAssemblies (338ms)
				LogAssemblyErrors (0ms)
				InitializePlatformSupportModulesInManaged (5ms)
				SetLoadedEditorAssemblies (0ms)
				RefreshPlugins (0ms)
				BeforeProcessingInitializeOnLoad (71ms)
				ProcessInitializeOnLoadAttributes (252ms)
				ProcessInitializeOnLoadMethodAttributes (3ms)
				AfterProcessingInitializeOnLoad (6ms)
				EditorAssembliesLoaded (0ms)
			ExecutionOrderSort2 (0ms)
			AwakeInstancesAfterBackupRestoration (6ms)
Platform modules already initialized, skipping
Refreshing native plugins compatible for Editor in 0.41 ms, found 2 plugins.
Preloading 0 native plugins for Editor in 0.00 ms.
Unloading 1710 Unused Serialized files (Serialized files now loaded: 0)
System memory in use before: 98.5 MB.
System memory in use after: 98.6 MB.

Unloading 13 unused Assets to reduce memory usage. Loaded Objects now: 2218.
Total: 2.512700 ms (FindLiveObjects: 0.187200 ms CreateObjectMapping: 0.084100 ms MarkObjects: 2.227900 ms  DeleteObjects: 0.012600 ms)

AssetImportParameters requested are different than current active one (requested -> active):
  custom:framework-win-MediaFoundation: 216162199b28c13a410421893ffa2e32 -> 
  custom:video-decoder-ogg-theora: a1e56fd34408186e4bbccfd4996cb3dc -> 
  custom:container-muxer-webm: aa71ff27fc2769a1b78a27578f13a17b -> 
  custom:container-demuxer-webm: 4f35f7cbe854078d1ac9338744f61a02 -> 
  custom:container-demuxer-ogg: 62fdf1f143b41e24485cea50d1cbac27 -> 
  custom:video-encoder-webm-vp8: eb34c28f22e8b96e1ab97ce403110664 -> 
  custom:video-decoder-webm-vp8: 9c59270c3fd7afecdb556c50c9e8de78 -> 
  custom:audio-decoder-ogg-vorbis: bf7c407c2cedff20999df2af8eb42d56 -> 
  custom:audio-encoder-webm-vorbis: bf7c407c2cedff20999df2af8eb42d56 -> 
========================================================================
Received Prepare
Registering precompiled user dll's ...
Registered in 0.003842 seconds.
Begin MonoManager ReloadAssembly
Native extension for WindowsStandalone target not found
Native extension for WebGL target not found
Refreshing native plugins compatible for Editor in 0.39 ms, found 2 plugins.
Preloading 0 native plugins for Editor in 0.00 ms.
Mono: successfully reloaded assembly
- Completed reload, in  1.181 seconds
Domain Reload Profiling:
	ReloadAssembly (1182ms)
		BeginReloadAssembly (133ms)
			ExecutionOrderSort (0ms)
			DisableScriptedObjects (4ms)
			BackupInstance (0ms)
			ReleaseScriptingObjects (0ms)
			CreateAndSetChildDomain (34ms)
		EndReloadAssembly (981ms)
			LoadAssemblies (105ms)
			RebuildTransferFunctionScriptingTraits (0ms)
			SetupTypeCache (342ms)
			ReleaseScriptCaches (1ms)
			RebuildScriptCaches (39ms)
			SetupLoadedEditorAssemblies (403ms)
				LogAssemblyErrors (0ms)
				InitializePlatformSupportModulesInManaged (6ms)
				SetLoadedEditorAssemblies (0ms)
				RefreshPlugins (0ms)
				BeforeProcessingInitializeOnLoad (79ms)
				ProcessInitializeOnLoadAttributes (302ms)
				ProcessInitializeOnLoadMethodAttributes (7ms)
				AfterProcessingInitializeOnLoad (8ms)
				EditorAssembliesLoaded (1ms)
			ExecutionOrderSort2 (0ms)
			AwakeInstancesAfterBackupRestoration (12ms)
Platform modules already initialized, skipping
Refreshing native plugins compatible for Editor in 0.58 ms, found 2 plugins.
Preloading 0 native plugins for Editor in 0.00 ms.
Unloading 1710 Unused Serialized files (Serialized files now loaded: 0)
System memory in use before: 98.5 MB.
System memory in use after: 98.6 MB.

Unloading 13 unused Assets to reduce memory usage. Loaded Objects now: 2220.
Total: 3.103300 ms (FindLiveObjects: 0.262800 ms CreateObjectMapping: 0.085100 ms MarkObjects: 2.694900 ms  DeleteObjects: 0.059000 ms)

AssetImportParameters requested are different than current active one (requested -> active):
  custom:framework-win-MediaFoundation: 216162199b28c13a410421893ffa2e32 -> 
  custom:video-decoder-ogg-theora: a1e56fd34408186e4bbccfd4996cb3dc -> 
  custom:container-muxer-webm: aa71ff27fc2769a1b78a27578f13a17b -> 
  custom:container-demuxer-webm: 4f35f7cbe854078d1ac9338744f61a02 -> 
  custom:container-demuxer-ogg: 62fdf1f143b41e24485cea50d1cbac27 -> 
  custom:video-encoder-webm-vp8: eb34c28f22e8b96e1ab97ce403110664 -> 
  custom:video-decoder-webm-vp8: 9c59270c3fd7afecdb556c50c9e8de78 -> 
  custom:audio-decoder-ogg-vorbis: bf7c407c2cedff20999df2af8eb42d56 -> 
  custom:audio-encoder-webm-vorbis: bf7c407c2cedff20999df2af8eb42d56 -> 
========================================================================
Received Prepare
Registering precompiled user dll's ...
Registered in 0.005940 seconds.
Begin MonoManager ReloadAssembly
Native extension for WindowsStandalone target not found
Native extension for WebGL target not found
Refreshing native plugins compatible for Editor in 0.44 ms, found 2 plugins.
Preloading 0 native plugins for Editor in 0.00 ms.
Mono: successfully reloaded assembly
- Completed reload, in  1.262 seconds
Domain Reload Profiling:
	ReloadAssembly (1263ms)
		BeginReloadAssembly (138ms)
			ExecutionOrderSort (0ms)
			DisableScriptedObjects (5ms)
			BackupInstance (0ms)
			ReleaseScriptingObjects (0ms)
			CreateAndSetChildDomain (49ms)
		EndReloadAssembly (1047ms)
			LoadAssemblies (103ms)
			RebuildTransferFunctionScriptingTraits (0ms)
			SetupTypeCache (337ms)
			ReleaseScriptCaches (1ms)
			RebuildScriptCaches (47ms)
			SetupLoadedEditorAssemblies (439ms)
				LogAssemblyErrors (0ms)
				InitializePlatformSupportModulesInManaged (7ms)
				SetLoadedEditorAssemblies (1ms)
				RefreshPlugins (0ms)
				BeforeProcessingInitializeOnLoad (93ms)
				ProcessInitializeOnLoadAttributes (326ms)
				ProcessInitializeOnLoadMethodAttributes (4ms)
				AfterProcessingInitializeOnLoad (7ms)
				EditorAssembliesLoaded (0ms)
			ExecutionOrderSort2 (0ms)
			AwakeInstancesAfterBackupRestoration (7ms)
Platform modules already initialized, skipping
Refreshing native plugins compatible for Editor in 1.43 ms, found 2 plugins.
Preloading 0 native plugins for Editor in 0.00 ms.
Unloading 1710 Unused Serialized files (Serialized files now loaded: 0)
System memory in use before: 98.5 MB.
System memory in use after: 98.6 MB.

Unloading 13 unused Assets to reduce memory usage. Loaded Objects now: 2222.
Total: 3.065900 ms (FindLiveObjects: 0.218900 ms CreateObjectMapping: 0.073200 ms MarkObjects: 2.756100 ms  DeleteObjects: 0.016200 ms)

AssetImportParameters requested are different than current active one (requested -> active):
  custom:framework-win-MediaFoundation: 216162199b28c13a410421893ffa2e32 -> 
  custom:video-decoder-ogg-theora: a1e56fd34408186e4bbccfd4996cb3dc -> 
  custom:container-muxer-webm: aa71ff27fc2769a1b78a27578f13a17b -> 
  custom:container-demuxer-webm: 4f35f7cbe854078d1ac9338744f61a02 -> 
  custom:container-demuxer-ogg: 62fdf1f143b41e24485cea50d1cbac27 -> 
  custom:video-encoder-webm-vp8: eb34c28f22e8b96e1ab97ce403110664 -> 
  custom:video-decoder-webm-vp8: 9c59270c3fd7afecdb556c50c9e8de78 -> 
  custom:audio-decoder-ogg-vorbis: bf7c407c2cedff20999df2af8eb42d56 -> 
  custom:audio-encoder-webm-vorbis: bf7c407c2cedff20999df2af8eb42d56 -> 
========================================================================
Received Import Request.
  Time since last request: 4032.638134 seconds.
  path: Assets/Polygonal Metalon/FBX/Polygonal Metalon.FBX
  artifactKey: Guid(66ca9bf0145725543a1e8a693589f362) Importer(815301076,1909f56bfc062723c751e8b465ee728b)
Start importing Assets/Polygonal Metalon/FBX/Polygonal Metalon.FBX using Guid(66ca9bf0145725543a1e8a693589f362) Importer(815301076,1909f56bfc062723c751e8b465ee728b)  -> (artifact id: '09dea646e32eeadaf516d1772b3be9a4') in 0.543829 seconds 
  Import took 0.548984 seconds .

========================================================================
Received Import Request.
  Time since last request: 0.614762 seconds.
  path: Assets/Polygonal Metalon/FBX/Polygonal Metalon@Cast Spell.FBX
  artifactKey: Guid(fe02d79f80f664d4d95ca809354183dd) Importer(815301076,1909f56bfc062723c751e8b465ee728b)
Start importing Assets/Polygonal Metalon/FBX/Polygonal Metalon@Cast Spell.FBX using Guid(fe02d79f80f664d4d95ca809354183dd) Importer(815301076,1909f56bfc062723c751e8b465ee728b)  -> (artifact id: '677eb9e5d8b534b66bcb0ce78dbd2ea3') in 0.049482 seconds 
  Import took 0.063036 seconds .

========================================================================
Received Import Request.
  Time since last request: 0.771931 seconds.
  path: Assets/Polygonal Metalon/FBX/Polygonal Metalon@Defend.FBX
  artifactKey: Guid(6433a82a889b92448abf3bc7e915ebca) Importer(815301076,1909f56bfc062723c751e8b465ee728b)
Start importing Assets/Polygonal Metalon/FBX/Polygonal Metalon@Defend.FBX using Guid(6433a82a889b92448abf3bc7e915ebca) Importer(815301076,1909f56bfc062723c751e8b465ee728b)  -> (artifact id: '545aeead2f35ca23aad333eaa9592874') in 0.056599 seconds 
  Import took 0.062789 seconds .

========================================================================
Received Import Request.
  Time since last request: 0.470011 seconds.
  path: Assets/Polygonal Metalon/FBX/Polygonal Metalon@Idle.FBX
  artifactKey: Guid(c87cf6f81b4b72a4eb3acfa19f05bcc7) Importer(815301076,1909f56bfc062723c751e8b465ee728b)
Start importing Assets/Polygonal Metalon/FBX/Polygonal Metalon@Idle.FBX using Guid(c87cf6f81b4b72a4eb3acfa19f05bcc7) Importer(815301076,1909f56bfc062723c751e8b465ee728b)  -> (artifact id: '4d4553d79dcf588e042d4153e3b4a2bb') in 0.053767 seconds 
  Import took 0.057223 seconds .

========================================================================
Received Import Request.
  Time since last request: 0.493857 seconds.
  path: Assets/Polygonal Metalon/FBX/Polygonal Metalon@Die.FBX
  artifactKey: Guid(f98e921a4bf7e9644ad07becaccbf218) Importer(815301076,1909f56bfc062723c751e8b465ee728b)
Start importing Assets/Polygonal Metalon/FBX/Polygonal Metalon@Die.FBX using Guid(f98e921a4bf7e9644ad07becaccbf218) Importer(815301076,1909f56bfc062723c751e8b465ee728b)  -> (artifact id: '121bbf7ffc3fa06ef5da1bf3f01ac522') in 0.044113 seconds 
  Import took 0.054026 seconds .

========================================================================
Received Import Request.
  Time since last request: 358.453784 seconds.
  path: Assets/Polygonal Metalon/FBX/Polygonal Metalon.FBX
  artifactKey: Guid(66ca9bf0145725543a1e8a693589f362) Importer(815301076,1909f56bfc062723c751e8b465ee728b)
Start importing Assets/Polygonal Metalon/FBX/Polygonal Metalon.FBX using Guid(66ca9bf0145725543a1e8a693589f362) Importer(815301076,1909f56bfc062723c751e8b465ee728b)  -> (artifact id: 'f094c63586a7b93f6c0fa80d14102b34') in 0.063262 seconds 
  Import took 0.066591 seconds .

========================================================================
Received Import Request.
  Time since last request: 3.124700 seconds.
  path: Assets/Polygonal Metalon/FBX/Polygonal Metalon.FBX
  artifactKey: Guid(66ca9bf0145725543a1e8a693589f362) Importer(815301076,1909f56bfc062723c751e8b465ee728b)
Start importing Assets/Polygonal Metalon/FBX/Polygonal Metalon.FBX using Guid(66ca9bf0145725543a1e8a693589f362) Importer(815301076,1909f56bfc062723c751e8b465ee728b)  -> (artifact id: 'fe4f3ce52b3e741584897a3745fca73f') in 0.065720 seconds 
  Import took 0.068982 seconds .

========================================================================
Received Import Request.
  Time since last request: 13.013939 seconds.
  path: Assets/Polygonal Metalon/FBX/Polygonal Metalon.FBX
  artifactKey: Guid(66ca9bf0145725543a1e8a693589f362) Importer(815301076,1909f56bfc062723c751e8b465ee728b)
Start importing Assets/Polygonal Metalon/FBX/Polygonal Metalon.FBX using Guid(66ca9bf0145725543a1e8a693589f362) Importer(815301076,1909f56bfc062723c751e8b465ee728b)  -> (artifact id: 'bf631a2f85eb9753f5aa236df70b61c7') in 0.076523 seconds 
  Import took 0.079919 seconds .

========================================================================
Received Import Request.
  Time since last request: 12.704241 seconds.
  path: Assets/Polygonal Metalon/FBX/Polygonal Metalon.FBX
  artifactKey: Guid(66ca9bf0145725543a1e8a693589f362) Importer(815301076,1909f56bfc062723c751e8b465ee728b)
Start importing Assets/Polygonal Metalon/FBX/Polygonal Metalon.FBX using Guid(66ca9bf0145725543a1e8a693589f362) Importer(815301076,1909f56bfc062723c751e8b465ee728b)  -> (artifact id: '8a50c628d5cba76326ff33d2d1068d61') in 0.077369 seconds 
  Import took 0.081206 seconds .

========================================================================
Received Import Request.
  Time since last request: 16.894621 seconds.
  path: Assets/Polygonal Metalon/FBX
  artifactKey: Guid(2c93230623b20a74294d3d84e5f2616b) Importer(815301076,1909f56bfc062723c751e8b465ee728b)
Start importing Assets/Polygonal Metalon/FBX using Guid(2c93230623b20a74294d3d84e5f2616b) Importer(815301076,1909f56bfc062723c751e8b465ee728b)  -> (artifact id: 'c69ed6db6219498b84336f90545a7136') in 0.005088 seconds 
  Import took 0.008547 seconds .

========================================================================
Received Import Request.
  Time since last request: 0.001709 seconds.
  path: Assets/Polygonal Metalon/FBX
  artifactKey: Guid(2c93230623b20a74294d3d84e5f2616b) Importer(815301076,1909f56bfc062723c751e8b465ee728b)
Start importing Assets/Polygonal Metalon/FBX using Guid(2c93230623b20a74294d3d84e5f2616b) Importer(815301076,1909f56bfc062723c751e8b465ee728b)  -> (artifact id: 'c69ed6db6219498b84336f90545a7136') in 0.002788 seconds 
  Import took 0.007205 seconds .

========================================================================
Received Import Request.
  Time since last request: 45.387176 seconds.
  path: Assets/Polygonal Metalon/FBX/Polygonal Metalon@Idle.FBX
  artifactKey: Guid(c87cf6f81b4b72a4eb3acfa19f05bcc7) Importer(815301076,1909f56bfc062723c751e8b465ee728b)
Start importing Assets/Polygonal Metalon/FBX/Polygonal Metalon@Idle.FBX using Guid(c87cf6f81b4b72a4eb3acfa19f05bcc7) Importer(815301076,1909f56bfc062723c751e8b465ee728b)  -> (artifact id: '4505b2a05146228a5687efb61ecbcdc9') in 0.040481 seconds 
  Import took 0.043919 seconds .

========================================================================
Received Import Request.
  Time since last request: 13.965232 seconds.
  path: Assets/Polygonal Metalon/FBX/Polygonal Metalon@Walk Backward In Place.FBX
  artifactKey: Guid(505c033703351d542a5914d18cf2f36b) Importer(815301076,1909f56bfc062723c751e8b465ee728b)
Start importing Assets/Polygonal Metalon/FBX/Polygonal Metalon@Walk Backward In Place.FBX using Guid(505c033703351d542a5914d18cf2f36b) Importer(815301076,1909f56bfc062723c751e8b465ee728b)  -> (artifact id: 'fd33d1163bf8974c9e98272c82be2584') in 0.096251 seconds 
  Import took 0.105096 seconds .

========================================================================
Received Import Request.
  Time since last request: 2.947366 seconds.
  path: Assets/Polygonal Metalon/FBX/Polygonal Metalon@Walk Forward In Place.FBX
  artifactKey: Guid(b102accb4eb134940ba2ad7b36761f9e) Importer(815301076,1909f56bfc062723c751e8b465ee728b)
Start importing Assets/Polygonal Metalon/FBX/Polygonal Metalon@Walk Forward In Place.FBX using Guid(b102accb4eb134940ba2ad7b36761f9e) Importer(815301076,1909f56bfc062723c751e8b465ee728b)  -> (artifact id: 'f53d3f43b91f06eb0c7565853662d092') in 0.044712 seconds 
  Import took 0.053469 seconds .

========================================================================
Received Import Request.
  Time since last request: 1.988826 seconds.
  path: Assets/Polygonal Metalon/FBX/Polygonal Metalon@Walk Forward W Root.FBX
  artifactKey: Guid(8b293a3eb76e69e41adf2e2cb14ea626) Importer(815301076,1909f56bfc062723c751e8b465ee728b)
Start importing Assets/Polygonal Metalon/FBX/Polygonal Metalon@Walk Forward W Root.FBX using Guid(8b293a3eb76e69e41adf2e2cb14ea626) Importer(815301076,1909f56bfc062723c751e8b465ee728b)  -> (artifact id: '0829deae9e503435129483730c8ac451') in 0.045396 seconds 
  Import took 0.048645 seconds .

========================================================================
Received Import Request.
  Time since last request: 22.369921 seconds.
  path: Assets/Polygonal Metalon/FBX/Polygonal Metalon@Walk Forward In Place.FBX
  artifactKey: Guid(b102accb4eb134940ba2ad7b36761f9e) Importer(815301076,1909f56bfc062723c751e8b465ee728b)
Start importing Assets/Polygonal Metalon/FBX/Polygonal Metalon@Walk Forward In Place.FBX using Guid(b102accb4eb134940ba2ad7b36761f9e) Importer(815301076,1909f56bfc062723c751e8b465ee728b)  -> (artifact id: '25b3c175ba1cd6ba39a84ede390d4d02') in 0.047034 seconds 
  Import took 0.053474 seconds .

========================================================================
Received Import Request.
  Time since last request: 0.001987 seconds.
  path: Assets/Polygonal Metalon/FBX/Polygonal Metalon@Walk Forward In Place.FBX
  artifactKey: Guid(b102accb4eb134940ba2ad7b36761f9e) Importer(815301076,1909f56bfc062723c751e8b465ee728b)
Start importing Assets/Polygonal Metalon/FBX/Polygonal Metalon@Walk Forward In Place.FBX using Guid(b102accb4eb134940ba2ad7b36761f9e) Importer(815301076,1909f56bfc062723c751e8b465ee728b)  -> (artifact id: '25b3c175ba1cd6ba39a84ede390d4d02') in 0.059082 seconds 
  Import took 0.063623 seconds .

========================================================================
Received Import Request.
  Time since last request: 5.285130 seconds.
  path: Assets/Polygonal Metalon/FBX/Polygonal Metalon@Take Damage.FBX
  artifactKey: Guid(ccf6810f56ac7b34b9cd17ada01cbda1) Importer(815301076,1909f56bfc062723c751e8b465ee728b)
Start importing Assets/Polygonal Metalon/FBX/Polygonal Metalon@Take Damage.FBX using Guid(ccf6810f56ac7b34b9cd17ada01cbda1) Importer(815301076,1909f56bfc062723c751e8b465ee728b)  -> (artifact id: '2a10d39444e9f3fac71b36a44e4d6de1') in 0.090323 seconds 
  Import took 0.094178 seconds .

========================================================================
Received Import Request.
  Time since last request: 13.029085 seconds.
  path: Assets/Polygonal Metalon/FBX/Polygonal Metalon@Take Damage.FBX
  artifactKey: Guid(ccf6810f56ac7b34b9cd17ada01cbda1) Importer(815301076,1909f56bfc062723c751e8b465ee728b)
Start importing Assets/Polygonal Metalon/FBX/Polygonal Metalon@Take Damage.FBX using Guid(ccf6810f56ac7b34b9cd17ada01cbda1) Importer(815301076,1909f56bfc062723c751e8b465ee728b)  -> (artifact id: '933d5ebc72dcb7842224a840d62777ac') in 0.114277 seconds 
  Import took 0.118204 seconds .

========================================================================
Received Import Request.
  Time since last request: 11.333171 seconds.
  path: Assets/Polygonal Metalon/FBX/Polygonal Metalon@Die.FBX
  artifactKey: Guid(f98e921a4bf7e9644ad07becaccbf218) Importer(815301076,1909f56bfc062723c751e8b465ee728b)
Start importing Assets/Polygonal Metalon/FBX/Polygonal Metalon@Die.FBX using Guid(f98e921a4bf7e9644ad07becaccbf218) Importer(815301076,1909f56bfc062723c751e8b465ee728b)  -> (artifact id: '86435854d415a2ff53b5a3aabf7b19bc') in 0.036829 seconds 
  Import took 0.041914 seconds .

========================================================================
Received Import Request.
  Time since last request: 4.777630 seconds.
  path: Assets/Polygonal Metalon/FBX/Polygonal Metalon@Stab Attack.FBX
  artifactKey: Guid(86ad529a54857f24ba490579bfcc56eb) Importer(815301076,1909f56bfc062723c751e8b465ee728b)
Start importing Assets/Polygonal Metalon/FBX/Polygonal Metalon@Stab Attack.FBX using Guid(86ad529a54857f24ba490579bfcc56eb) Importer(815301076,1909f56bfc062723c751e8b465ee728b)  -> (artifact id: 'cda9514330f1c723154c2e11b3c78fca') in 0.067714 seconds 
  Import took 0.071302 seconds .

========================================================================
Received Import Request.
  Time since last request: 1.870585 seconds.
  path: Assets/Polygonal Metalon/FBX/Polygonal Metalon@Smash Attack.FBX
  artifactKey: Guid(83f1c57bd1d0f6a4b8cc179a0cc87ada) Importer(815301076,1909f56bfc062723c751e8b465ee728b)
Start importing Assets/Polygonal Metalon/FBX/Polygonal Metalon@Smash Attack.FBX using Guid(83f1c57bd1d0f6a4b8cc179a0cc87ada) Importer(815301076,1909f56bfc062723c751e8b465ee728b)  -> (artifact id: 'fd038516da3050d4e5576b0ccfb4646a') in 0.048618 seconds 
  Import took 0.051694 seconds .

========================================================================
Received Import Request.
  Time since last request: 11.369875 seconds.
  path: Assets/Polygonal Metalon/FBX/Polygonal Metalon@Stab Attack.FBX
  artifactKey: Guid(86ad529a54857f24ba490579bfcc56eb) Importer(815301076,1909f56bfc062723c751e8b465ee728b)
Start importing Assets/Polygonal Metalon/FBX/Polygonal Metalon@Stab Attack.FBX using Guid(86ad529a54857f24ba490579bfcc56eb) Importer(815301076,1909f56bfc062723c751e8b465ee728b)  -> (artifact id: '7f27e9d318a07d02e9aeb3d8dac50fb6') in 0.035956 seconds 
  Import took 0.039496 seconds .

========================================================================
Received Import Request.
  Time since last request: 311.318665 seconds.
  path: Assets/.overrideController
  artifactKey: Guid(9f32daae7c7c4354bbf1f4f5eb876a6d) Importer(815301076,1909f56bfc062723c751e8b465ee728b)
Start importing Assets/.overrideController using Guid(9f32daae7c7c4354bbf1f4f5eb876a6d) Importer(815301076,1909f56bfc062723c751e8b465ee728b)  -> (artifact id: '350f74df5180dc8891c63c4b6c36ef85') in 0.007895 seconds 
  Import took 0.011728 seconds .

========================================================================
Received Import Request.
  Time since last request: 0.000691 seconds.
  path: Assets/.overrideController
  artifactKey: Guid(9f32daae7c7c4354bbf1f4f5eb876a6d) Importer(815301076,1909f56bfc062723c751e8b465ee728b)
Start importing Assets/.overrideController using Guid(9f32daae7c7c4354bbf1f4f5eb876a6d) Importer(815301076,1909f56bfc062723c751e8b465ee728b)  -> (artifact id: '350f74df5180dc8891c63c4b6c36ef85') in 0.003108 seconds 
  Import took 0.009184 seconds .

========================================================================
Received Import Request.
  Time since last request: 64.584658 seconds.
  path: Assets/Supercyan Character Pack Free Sample/Animations/common_people@backwards-run.FBX
  artifactKey: Guid(478fe807cc09b09448250cacc1ab8eb8) Importer(815301076,1909f56bfc062723c751e8b465ee728b)
Start importing Assets/Supercyan Character Pack Free Sample/Animations/common_people@backwards-run.FBX using Guid(478fe807cc09b09448250cacc1ab8eb8) Importer(815301076,1909f56bfc062723c751e8b465ee728b)  -> (artifact id: '88ce9a4ae36f893a0219749fc37aa6d7') in 0.045498 seconds 
  Import took 0.049412 seconds .

========================================================================
Received Import Request.
  Time since last request: 0.000302 seconds.
  path: Assets/Polygonal Metalon/FBX/Polygonal Metalon@Jump In Place.FBX
  artifactKey: Guid(1a1c63557b37d1240a5ac8c100802a88) Importer(815301076,1909f56bfc062723c751e8b465ee728b)
Start importing Assets/Polygonal Metalon/FBX/Polygonal Metalon@Jump In Place.FBX using Guid(1a1c63557b37d1240a5ac8c100802a88) Importer(815301076,1909f56bfc062723c751e8b465ee728b)  -> (artifact id: 'd3666b04e3b4a94e992f418e32118645') in 0.045973 seconds 
  Import took 0.049765 seconds .

========================================================================
Received Import Request.
  Time since last request: 0.000270 seconds.
  path: Assets/Supercyan Character Pack Free Sample/Animations/common_people@backwards-run.FBX
  artifactKey: Guid(478fe807cc09b09448250cacc1ab8eb8) Importer(815301076,1909f56bfc062723c751e8b465ee728b)
Start importing Assets/Supercyan Character Pack Free Sample/Animations/common_people@backwards-run.FBX using Guid(478fe807cc09b09448250cacc1ab8eb8) Importer(815301076,1909f56bfc062723c751e8b465ee728b)  -> (artifact id: '88ce9a4ae36f893a0219749fc37aa6d7') in 0.021819 seconds 
  Import took 0.027048 seconds .

========================================================================
Received Import Request.
  Time since last request: 0.000275 seconds.
  path: Assets/Supercyan Character Pack Free Sample/Animations/common_people@jump-float.FBX
  artifactKey: Guid(a61a057436c775f449fcb20e89101739) Importer(815301076,1909f56bfc062723c751e8b465ee728b)
Start importing Assets/Supercyan Character Pack Free Sample/Animations/common_people@jump-float.FBX using Guid(a61a057436c775f449fcb20e89101739) Importer(815301076,1909f56bfc062723c751e8b465ee728b)  -> (artifact id: 'cfe50931e8930318a1e776e46edeb014') in 0.035397 seconds 
  Import took 0.040334 seconds .

========================================================================
Received Import Request.
  Time since last request: 0.000221 seconds.
  path: Assets/Polygonal Metalon/FBX/Polygonal Metalon@Jump W Root.FBX
  artifactKey: Guid(31b86f9a62289fe4eba6cc76582b09b5) Importer(815301076,1909f56bfc062723c751e8b465ee728b)
Start importing Assets/Polygonal Metalon/FBX/Polygonal Metalon@Jump W Root.FBX using Guid(31b86f9a62289fe4eba6cc76582b09b5) Importer(815301076,1909f56bfc062723c751e8b465ee728b)  -> (artifact id: 'cf28020904c8992776cc4b594665f96f') in 0.043241 seconds 
  Import took 0.047123 seconds .

========================================================================
Received Import Request.
  Time since last request: 0.000214 seconds.
  path: Assets/Supercyan Character Pack Free Sample/Animations/common_people@jump-down.FBX
  artifactKey: Guid(e128858833d96dd46adee36a45c805cd) Importer(815301076,1909f56bfc062723c751e8b465ee728b)
Start importing Assets/Supercyan Character Pack Free Sample/Animations/common_people@jump-down.FBX using Guid(e128858833d96dd46adee36a45c805cd) Importer(815301076,1909f56bfc062723c751e8b465ee728b)  -> (artifact id: 'e273c8e6c4ee69befd96d439c05d1a71') in 0.034412 seconds 
  Import took 0.040493 seconds .

========================================================================
Received Import Request.
  Time since last request: 0.000243 seconds.
  path: Assets/Supercyan Character Pack Free Sample/Animations/common_people@jump-up.FBX
  artifactKey: Guid(441579d7f72cae545a24352282ac90e0) Importer(815301076,1909f56bfc062723c751e8b465ee728b)
Start importing Assets/Supercyan Character Pack Free Sample/Animations/common_people@jump-up.FBX using Guid(441579d7f72cae545a24352282ac90e0) Importer(815301076,1909f56bfc062723c751e8b465ee728b)  -> (artifact id: '4d358f1be7d3818f6653dd84158b5462') in 0.033022 seconds 
  Import took 0.035986 seconds .

========================================================================
Received Import Request.
  Time since last request: 0.000141 seconds.
  path: Assets/Supercyan Character Pack Free Sample/Animations/common_people@backwards-walk.FBX
  artifactKey: Guid(854ef493abe79464ca6e9795fb330040) Importer(815301076,1909f56bfc062723c751e8b465ee728b)
Start importing Assets/Supercyan Character Pack Free Sample/Animations/common_people@backwards-walk.FBX using Guid(854ef493abe79464ca6e9795fb330040) Importer(815301076,1909f56bfc062723c751e8b465ee728b)  -> (artifact id: 'c0d91d66e24b80b7a2e2333f9af78886') in 0.037223 seconds 
  Import took 0.040804 seconds .

========================================================================
Received Import Request.
  Time since last request: 0.252741 seconds.
  path: Assets/Supercyan Character Pack Free Sample/Animations/common_people@pickup.FBX
  artifactKey: Guid(b3662f281ce0fd5449670a910110afc4) Importer(815301076,1909f56bfc062723c751e8b465ee728b)
Start importing Assets/Supercyan Character Pack Free Sample/Animations/common_people@pickup.FBX using Guid(b3662f281ce0fd5449670a910110afc4) Importer(815301076,1909f56bfc062723c751e8b465ee728b)  -> (artifact id: 'b1aa41f60518e85fcbcd21686be6e5d7') in 0.030251 seconds 
  Import took 0.034220 seconds .

========================================================================
Received Import Request.
  Time since last request: 0.000305 seconds.
  path: Assets/Polygonal Metalon/FBX/Polygonal Metalon@Run Backward W Root.FBX
  artifactKey: Guid(916cdb4d7688f614bb9714a9b184cf61) Importer(815301076,1909f56bfc062723c751e8b465ee728b)
Start importing Assets/Polygonal Metalon/FBX/Polygonal Metalon@Run Backward W Root.FBX using Guid(916cdb4d7688f614bb9714a9b184cf61) Importer(815301076,1909f56bfc062723c751e8b465ee728b)  -> (artifact id: '841cc1583d97a5252b5832d1de5132d0') in 0.043655 seconds 
  Import took 0.048660 seconds .

========================================================================
Received Import Request.
  Time since last request: 0.000357 seconds.
  path: Assets/Polygonal Metalon/FBX/Polygonal Metalon@Strafe Right In Place.FBX
  artifactKey: Guid(7e312894e90a2b9499fbf7d318e0a6b8) Importer(815301076,1909f56bfc062723c751e8b465ee728b)
Start importing Assets/Polygonal Metalon/FBX/Polygonal Metalon@Strafe Right In Place.FBX using Guid(7e312894e90a2b9499fbf7d318e0a6b8) Importer(815301076,1909f56bfc062723c751e8b465ee728b)  -> (artifact id: '8d72b140112af9613afbb440211f8f8b') in 0.044375 seconds 
  Import took 0.048795 seconds .

========================================================================
Received Import Request.
  Time since last request: 0.000170 seconds.
  path: Assets/Polygonal Metalon/FBX/Polygonal Metalon@Run Forward In Place.FBX
  artifactKey: Guid(5c58933387b06c046a5f6eb866055790) Importer(815301076,1909f56bfc062723c751e8b465ee728b)
Start importing Assets/Polygonal Metalon/FBX/Polygonal Metalon@Run Forward In Place.FBX using Guid(5c58933387b06c046a5f6eb866055790) Importer(815301076,1909f56bfc062723c751e8b465ee728b)  -> (artifact id: '8636947c753877c878a86ff73f739ccb') in 0.039979 seconds 
  Import took 0.043048 seconds .

========================================================================
Received Import Request.
  Time since last request: 0.000144 seconds.
  path: Assets/Polygonal Metalon/FBX/Polygonal Metalon@Run Forward W Root.FBX
  artifactKey: Guid(52aa6b18414074c4abccfd74ad152bbf) Importer(815301076,1909f56bfc062723c751e8b465ee728b)
Start importing Assets/Polygonal Metalon/FBX/Polygonal Metalon@Run Forward W Root.FBX using Guid(52aa6b18414074c4abccfd74ad152bbf) Importer(815301076,1909f56bfc062723c751e8b465ee728b)  -> (artifact id: 'f0e8c0c00972eccc189fa7ad654b11ed') in 0.039679 seconds 
  Import took 0.042384 seconds .

========================================================================
Received Import Request.
  Time since last request: 0.000229 seconds.
  path: Assets/Polygonal Metalon/FBX/Polygonal Metalon@Strafe Left W Root.FBX
  artifactKey: Guid(d5a310ef9b4546a48a9af98fc33e1fbe) Importer(815301076,1909f56bfc062723c751e8b465ee728b)
Start importing Assets/Polygonal Metalon/FBX/Polygonal Metalon@Strafe Left W Root.FBX using Guid(d5a310ef9b4546a48a9af98fc33e1fbe) Importer(815301076,1909f56bfc062723c751e8b465ee728b)  -> (artifact id: 'bf8fc4ab4f9bb7f31b7017f0c8657acb') in 0.041675 seconds 
  Import took 0.044695 seconds .

========================================================================
Received Import Request.
  Time since last request: 0.000154 seconds.
  path: Assets/Supercyan Character Pack Free Sample/Animations/common_people@run.FBX
  artifactKey: Guid(587fb8efeff01634aa9ce8a5af77911a) Importer(815301076,1909f56bfc062723c751e8b465ee728b)
Start importing Assets/Supercyan Character Pack Free Sample/Animations/common_people@run.FBX using Guid(587fb8efeff01634aa9ce8a5af77911a) Importer(815301076,1909f56bfc062723c751e8b465ee728b)  -> (artifact id: 'a1ede199e4db84f8887713c5c9c60b59') in 0.030283 seconds 
  Import took 0.033017 seconds .

========================================================================
Received Import Request.
  Time since last request: 0.000136 seconds.
  path: Assets/Polygonal Metalon/FBX/Polygonal Metalon@Turn Left.FBX
  artifactKey: Guid(58a65a4056e96eb4c922672f1765209f) Importer(815301076,1909f56bfc062723c751e8b465ee728b)
Start importing Assets/Polygonal Metalon/FBX/Polygonal Metalon@Turn Left.FBX using Guid(58a65a4056e96eb4c922672f1765209f) Importer(815301076,1909f56bfc062723c751e8b465ee728b)  -> (artifact id: '0610bc47f13b1ebb785ad07eca6af9c8') in 0.043625 seconds 
  Import took 0.047747 seconds .

========================================================================
Received Import Request.
  Time since last request: 0.000189 seconds.
  path: Assets/Supercyan Character Pack Free Sample/Animations/common_people@pickup.FBX
  artifactKey: Guid(b3662f281ce0fd5449670a910110afc4) Importer(815301076,1909f56bfc062723c751e8b465ee728b)
Start importing Assets/Supercyan Character Pack Free Sample/Animations/common_people@pickup.FBX using Guid(b3662f281ce0fd5449670a910110afc4) Importer(815301076,1909f56bfc062723c751e8b465ee728b)  -> (artifact id: 'b1aa41f60518e85fcbcd21686be6e5d7') in 0.026504 seconds 
  Import took 0.030046 seconds .

========================================================================
Received Import Request.
  Time since last request: 0.000227 seconds.
  path: Assets/Polygonal Metalon/FBX/Polygonal Metalon@Run Backward In Place.FBX
  artifactKey: Guid(6cb6b8fadf3f07d40aa719fb0e3a6050) Importer(815301076,1909f56bfc062723c751e8b465ee728b)
Start importing Assets/Polygonal Metalon/FBX/Polygonal Metalon@Run Backward In Place.FBX using Guid(6cb6b8fadf3f07d40aa719fb0e3a6050) Importer(815301076,1909f56bfc062723c751e8b465ee728b)  -> (artifact id: 'fe713e0cc89be968092db87daad0abe1') in 0.039271 seconds 
  Import took 0.043354 seconds .

========================================================================
Received Import Request.
  Time since last request: 0.000255 seconds.
  path: Assets/Supercyan Character Pack Free Sample/Animations/common_people@walk.FBX
  artifactKey: Guid(77d7842e2139f594bb31c3c63d1ad4b4) Importer(815301076,1909f56bfc062723c751e8b465ee728b)
Start importing Assets/Supercyan Character Pack Free Sample/Animations/common_people@walk.FBX using Guid(77d7842e2139f594bb31c3c63d1ad4b4) Importer(815301076,1909f56bfc062723c751e8b465ee728b)  -> (artifact id: 'c32d7dde385e5fe5d5e8c8dd8ab46194') in 0.035705 seconds 
  Import took 0.041179 seconds .

========================================================================
Received Import Request.
  Time since last request: 0.000132 seconds.
  path: Assets/Polygonal Metalon/FBX/Polygonal Metalon@Strafe Right W Root.FBX
  artifactKey: Guid(c0c6345aa9498424fb7a4a88b0ea4434) Importer(815301076,1909f56bfc062723c751e8b465ee728b)
Start importing Assets/Polygonal Metalon/FBX/Polygonal Metalon@Strafe Right W Root.FBX using Guid(c0c6345aa9498424fb7a4a88b0ea4434) Importer(815301076,1909f56bfc062723c751e8b465ee728b)  -> (artifact id: 'd42369f96f2ac625da8077e284bb71e3') in 0.055618 seconds 
  Import took 0.058291 seconds .

========================================================================
Received Import Request.
  Time since last request: 0.000175 seconds.
  path: Assets/Polygonal Metalon/FBX/Polygonal Metalon@Strafe Left In Place.FBX
  artifactKey: Guid(93d17616636e4344ba731f98af433285) Importer(815301076,1909f56bfc062723c751e8b465ee728b)
Start importing Assets/Polygonal Metalon/FBX/Polygonal Metalon@Strafe Left In Place.FBX using Guid(93d17616636e4344ba731f98af433285) Importer(815301076,1909f56bfc062723c751e8b465ee728b)  -> (artifact id: '7b4dfde248ea3ffe1d5b9e7684b3a913') in 0.044618 seconds 
  Import took 0.047997 seconds .

========================================================================
Received Import Request.
  Time since last request: 0.000191 seconds.
  path: Assets/Polygonal Metalon/FBX/Polygonal Metalon@Turn Right.FBX
  artifactKey: Guid(fc2d3265555e92f43bc57284e1444438) Importer(815301076,1909f56bfc062723c751e8b465ee728b)
Start importing Assets/Polygonal Metalon/FBX/Polygonal Metalon@Turn Right.FBX using Guid(fc2d3265555e92f43bc57284e1444438) Importer(815301076,1909f56bfc062723c751e8b465ee728b)  -> (artifact id: 'e5259c186fabb5cbc4c4cda122fe0a9e') in 0.045555 seconds 
  Import took 0.048434 seconds .

========================================================================
Received Import Request.
  Time since last request: 0.000136 seconds.
  path: Assets/Polygonal Metalon/FBX/Polygonal Metalon@Walk Backward W Root.FBX
  artifactKey: Guid(d4de8ef3201556a4fae62ee81ad36128) Importer(815301076,1909f56bfc062723c751e8b465ee728b)
Start importing Assets/Polygonal Metalon/FBX/Polygonal Metalon@Walk Backward W Root.FBX using Guid(d4de8ef3201556a4fae62ee81ad36128) Importer(815301076,1909f56bfc062723c751e8b465ee728b)  -> (artifact id: '016b9d25033c11ffe3cd10828f1fa99b') in 0.045382 seconds 
  Import took 0.048659 seconds .

========================================================================
Received Import Request.
  Time since last request: 91.782141 seconds.
  path: Assets//.controller
  artifactKey: Guid(723d94ca1ccf18d40810bba25eabe905) Importer(815301076,1909f56bfc062723c751e8b465ee728b)
Start importing Assets//.controller using Guid(723d94ca1ccf18d40810bba25eabe905) Importer(815301076,1909f56bfc062723c751e8b465ee728b)  -> (artifact id: 'e6028cf85803365200447a4d6800c663') in 0.012405 seconds 
  Import took 0.015395 seconds .

========================================================================
Received Prepare
Registering precompiled user dll's ...
Registered in 0.003918 seconds.
Begin MonoManager ReloadAssembly
Native extension for WindowsStandalone target not found
Native extension for WebGL target not found
Refreshing native plugins compatible for Editor in 0.85 ms, found 2 plugins.
Preloading 0 native plugins for Editor in 0.00 ms.
Mono: successfully reloaded assembly
- Completed reload, in  0.983 seconds
Domain Reload Profiling:
	ReloadAssembly (983ms)
		BeginReloadAssembly (103ms)
			ExecutionOrderSort (0ms)
			DisableScriptedObjects (3ms)
			BackupInstance (0ms)
			ReleaseScriptingObjects (0ms)
			CreateAndSetChildDomain (31ms)
		EndReloadAssembly (824ms)
			LoadAssemblies (69ms)
			RebuildTransferFunctionScriptingTraits (0ms)
			SetupTypeCache (325ms)
			ReleaseScriptCaches (1ms)
			RebuildScriptCaches (39ms)
			SetupLoadedEditorAssemblies (301ms)
				LogAssemblyErrors (0ms)
				InitializePlatformSupportModulesInManaged (5ms)
				SetLoadedEditorAssemblies (0ms)
				RefreshPlugins (1ms)
				BeforeProcessingInitializeOnLoad (65ms)
				ProcessInitializeOnLoadAttributes (222ms)
				ProcessInitializeOnLoadMethodAttributes (3ms)
				AfterProcessingInitializeOnLoad (5ms)
				EditorAssembliesLoaded (0ms)
			ExecutionOrderSort2 (0ms)
			AwakeInstancesAfterBackupRestoration (5ms)
Platform modules already initialized, skipping
Refreshing native plugins compatible for Editor in 0.40 ms, found 2 plugins.
Preloading 0 native plugins for Editor in 0.00 ms.
Unloading 1710 Unused Serialized files (Serialized files now loaded: 0)
System memory in use before: 116.4 MB.
System memory in use after: 116.5 MB.

Unloading 14 unused Assets to reduce memory usage. Loaded Objects now: 2235.
Total: 2.814700 ms (FindLiveObjects: 0.174700 ms CreateObjectMapping: 0.056200 ms MarkObjects: 2.546100 ms  DeleteObjects: 0.036900 ms)

AssetImportParameters requested are different than current active one (requested -> active):
  custom:framework-win-MediaFoundation: 216162199b28c13a410421893ffa2e32 -> 
  custom:video-decoder-ogg-theora: a1e56fd34408186e4bbccfd4996cb3dc -> 
  custom:container-muxer-webm: aa71ff27fc2769a1b78a27578f13a17b -> 
  custom:container-demuxer-webm: 4f35f7cbe854078d1ac9338744f61a02 -> 
  custom:container-demuxer-ogg: 62fdf1f143b41e24485cea50d1cbac27 -> 
  custom:video-encoder-webm-vp8: eb34c28f22e8b96e1ab97ce403110664 -> 
  custom:video-decoder-webm-vp8: 9c59270c3fd7afecdb556c50c9e8de78 -> 
  custom:audio-decoder-ogg-vorbis: bf7c407c2cedff20999df2af8eb42d56 -> 
  custom:audio-encoder-webm-vorbis: bf7c407c2cedff20999df2af8eb42d56 -> 
========================================================================
Received Import Request.
  Time since last request: 392.481743 seconds.
  path: Assets//kaya@Big Stomach Hit.fbx
  artifactKey: Guid(c1b8fe0dc10bbe94981a8f4c632266b7) Importer(815301076,1909f56bfc062723c751e8b465ee728b)
Start importing Assets//kaya@Big Stomach Hit.fbx using Guid(c1b8fe0dc10bbe94981a8f4c632266b7) Importer(815301076,1909f56bfc062723c751e8b465ee728b)  -> (artifact id: 'c99033f2f6e9e16aab1dc94a5acfbbb4') in 0.044855 seconds 
  Import took 0.048898 seconds .

========================================================================
Received Import Request.
  Time since last request: 150.393803 seconds.
  path: Assets//kaya@Big Stomach Hit.fbx
  artifactKey: Guid(c1b8fe0dc10bbe94981a8f4c632266b7) Importer(815301076,1909f56bfc062723c751e8b465ee728b)
Start importing Assets//kaya@Big Stomach Hit.fbx using Guid(c1b8fe0dc10bbe94981a8f4c632266b7) Importer(815301076,1909f56bfc062723c751e8b465ee728b)  -> (artifact id: 'eee2230766cc61b8bc2af530fe301a4e') in 0.007473 seconds 
  Import took 0.012354 seconds .

========================================================================
Received Import Request.
  Time since last request: 0.000235 seconds.
  path: Assets//kaya@Dismissing Gesture.fbx
  artifactKey: Guid(3d8f57d2b37f5a64d8cc73519c3189f3) Importer(815301076,1909f56bfc062723c751e8b465ee728b)
Start importing Assets//kaya@Dismissing Gesture.fbx using Guid(3d8f57d2b37f5a64d8cc73519c3189f3) Importer(815301076,1909f56bfc062723c751e8b465ee728b)  -> (artifact id: '28d38836ee0406cf3cf06330e616a282') in 0.010263 seconds 
  Import took 0.014221 seconds .

========================================================================
Received Prepare
Registering precompiled user dll's ...
Registered in 0.005607 seconds.
Begin MonoManager ReloadAssembly
Native extension for WindowsStandalone target not found
Native extension for WebGL target not found
Refreshing native plugins compatible for Editor in 0.40 ms, found 2 plugins.
Preloading 0 native plugins for Editor in 0.00 ms.
Mono: successfully reloaded assembly
- Completed reload, in  1.186 seconds
Domain Reload Profiling:
	ReloadAssembly (1187ms)
		BeginReloadAssembly (117ms)
			ExecutionOrderSort (0ms)
			DisableScriptedObjects (4ms)
			BackupInstance (0ms)
			ReleaseScriptingObjects (0ms)
			CreateAndSetChildDomain (36ms)
		EndReloadAssembly (1005ms)
			LoadAssemblies (89ms)
			RebuildTransferFunctionScriptingTraits (0ms)
			SetupTypeCache (268ms)
			ReleaseScriptCaches (1ms)
			RebuildScriptCaches (34ms)
			SetupLoadedEditorAssemblies (508ms)
				LogAssemblyErrors (0ms)
				InitializePlatformSupportModulesInManaged (6ms)
				SetLoadedEditorAssemblies (0ms)
				RefreshPlugins (0ms)
				BeforeProcessingInitializeOnLoad (86ms)
				ProcessInitializeOnLoadAttributes (400ms)
				ProcessInitializeOnLoadMethodAttributes (6ms)
				AfterProcessingInitializeOnLoad (9ms)
				EditorAssembliesLoaded (0ms)
			ExecutionOrderSort2 (0ms)
			AwakeInstancesAfterBackupRestoration (9ms)
Platform modules already initialized, skipping
Refreshing native plugins compatible for Editor in 0.92 ms, found 2 plugins.
Preloading 0 native plugins for Editor in 0.00 ms.
Unloading 1710 Unused Serialized files (Serialized files now loaded: 0)
System memory in use before: 116.4 MB.
System memory in use after: 116.5 MB.

Unloading 13 unused Assets to reduce memory usage. Loaded Objects now: 2237.
Total: 5.336800 ms (FindLiveObjects: 0.208500 ms CreateObjectMapping: 0.101000 ms MarkObjects: 4.999100 ms  DeleteObjects: 0.025400 ms)

AssetImportParameters requested are different than current active one (requested -> active):
  custom:framework-win-MediaFoundation: 216162199b28c13a410421893ffa2e32 -> 
  custom:video-decoder-ogg-theora: a1e56fd34408186e4bbccfd4996cb3dc -> 
  custom:container-muxer-webm: aa71ff27fc2769a1b78a27578f13a17b -> 
  custom:container-demuxer-webm: 4f35f7cbe854078d1ac9338744f61a02 -> 
  custom:container-demuxer-ogg: 62fdf1f143b41e24485cea50d1cbac27 -> 
  custom:video-encoder-webm-vp8: eb34c28f22e8b96e1ab97ce403110664 -> 
  custom:video-decoder-webm-vp8: 9c59270c3fd7afecdb556c50c9e8de78 -> 
  custom:audio-decoder-ogg-vorbis: bf7c407c2cedff20999df2af8eb42d56 -> 
  custom:audio-encoder-webm-vorbis: bf7c407c2cedff20999df2af8eb42d56 -> 
========================================================================
Received Prepare
Registering precompiled user dll's ...
Registered in 0.004875 seconds.
Begin MonoManager ReloadAssembly
Native extension for WindowsStandalone target not found
Native extension for WebGL target not found
Refreshing native plugins compatible for Editor in 0.59 ms, found 2 plugins.
Preloading 0 native plugins for Editor in 0.00 ms.
Mono: successfully reloaded assembly
- Completed reload, in  1.699 seconds
Domain Reload Profiling:
	ReloadAssembly (1700ms)
		BeginReloadAssembly (190ms)
			ExecutionOrderSort (0ms)
			DisableScriptedObjects (7ms)
			BackupInstance (0ms)
			ReleaseScriptingObjects (0ms)
			CreateAndSetChildDomain (65ms)
		EndReloadAssembly (1409ms)
			LoadAssemblies (153ms)
			RebuildTransferFunctionScriptingTraits (0ms)
			SetupTypeCache (461ms)
			ReleaseScriptCaches (2ms)
			RebuildScriptCaches (64ms)
			SetupLoadedEditorAssemblies (583ms)
				LogAssemblyErrors (0ms)
				InitializePlatformSupportModulesInManaged (8ms)
				SetLoadedEditorAssemblies (1ms)
				RefreshPlugins (1ms)
				BeforeProcessingInitializeOnLoad (123ms)
				ProcessInitializeOnLoadAttributes (435ms)
				ProcessInitializeOnLoadMethodAttributes (4ms)
				AfterProcessingInitializeOnLoad (10ms)
				EditorAssembliesLoaded (1ms)
			ExecutionOrderSort2 (0ms)
			AwakeInstancesAfterBackupRestoration (12ms)
Platform modules already initialized, skipping
Refreshing native plugins compatible for Editor in 1.08 ms, found 2 plugins.
Preloading 0 native plugins for Editor in 0.00 ms.
Unloading 1710 Unused Serialized files (Serialized files now loaded: 0)
System memory in use before: 116.4 MB.
System memory in use after: 116.5 MB.

Unloading 13 unused Assets to reduce memory usage. Loaded Objects now: 2239.
Total: 5.706100 ms (FindLiveObjects: 0.281700 ms CreateObjectMapping: 0.104800 ms MarkObjects: 5.267200 ms  DeleteObjects: 0.050000 ms)

AssetImportParameters requested are different than current active one (requested -> active):
  custom:framework-win-MediaFoundation: 216162199b28c13a410421893ffa2e32 -> 
  custom:video-decoder-ogg-theora: a1e56fd34408186e4bbccfd4996cb3dc -> 
  custom:container-muxer-webm: aa71ff27fc2769a1b78a27578f13a17b -> 
  custom:container-demuxer-webm: 4f35f7cbe854078d1ac9338744f61a02 -> 
  custom:container-demuxer-ogg: 62fdf1f143b41e24485cea50d1cbac27 -> 
  custom:video-encoder-webm-vp8: eb34c28f22e8b96e1ab97ce403110664 -> 
  custom:video-decoder-webm-vp8: 9c59270c3fd7afecdb556c50c9e8de78 -> 
  custom:audio-decoder-ogg-vorbis: bf7c407c2cedff20999df2af8eb42d56 -> 
  custom:audio-encoder-webm-vorbis: bf7c407c2cedff20999df2af8eb42d56 -> 
========================================================================
Received Prepare
Registering precompiled user dll's ...
Registered in 0.007395 seconds.
Begin MonoManager ReloadAssembly
Native extension for WindowsStandalone target not found
Native extension for WebGL target not found
Refreshing native plugins compatible for Editor in 1.37 ms, found 2 plugins.
Preloading 0 native plugins for Editor in 0.00 ms.
Mono: successfully reloaded assembly
- Completed reload, in  2.174 seconds
Domain Reload Profiling:
	ReloadAssembly (2175ms)
		BeginReloadAssembly (266ms)
			ExecutionOrderSort (0ms)
			DisableScriptedObjects (8ms)
			BackupInstance (0ms)
			ReleaseScriptingObjects (0ms)
			CreateAndSetChildDomain (106ms)
		EndReloadAssembly (1779ms)
			LoadAssemblies (200ms)
			RebuildTransferFunctionScriptingTraits (0ms)
			SetupTypeCache (614ms)
			ReleaseScriptCaches (2ms)
			RebuildScriptCaches (75ms)
			SetupLoadedEditorAssemblies (723ms)
				LogAssemblyErrors (0ms)
				InitializePlatformSupportModulesInManaged (17ms)
				SetLoadedEditorAssemblies (1ms)
				RefreshPlugins (2ms)
				BeforeProcessingInitializeOnLoad (141ms)
				ProcessInitializeOnLoadAttributes (545ms)
				ProcessInitializeOnLoadMethodAttributes (6ms)
				AfterProcessingInitializeOnLoad (11ms)
				EditorAssembliesLoaded (0ms)
			ExecutionOrderSort2 (0ms)
			AwakeInstancesAfterBackupRestoration (11ms)
Platform modules already initialized, skipping
Refreshing native plugins compatible for Editor in 0.67 ms, found 2 plugins.
Preloading 0 native plugins for Editor in 0.00 ms.
Unloading 1710 Unused Serialized files (Serialized files now loaded: 0)
System memory in use before: 116.4 MB.
System memory in use after: 116.5 MB.

Unloading 13 unused Assets to reduce memory usage. Loaded Objects now: 2241.
Total: 6.251600 ms (FindLiveObjects: 0.417800 ms CreateObjectMapping: 0.276500 ms MarkObjects: 5.520000 ms  DeleteObjects: 0.034600 ms)

AssetImportParameters requested are different than current active one (requested -> active):
  custom:framework-win-MediaFoundation: 216162199b28c13a410421893ffa2e32 -> 
  custom:video-decoder-ogg-theora: a1e56fd34408186e4bbccfd4996cb3dc -> 
  custom:container-muxer-webm: aa71ff27fc2769a1b78a27578f13a17b -> 
  custom:container-demuxer-webm: 4f35f7cbe854078d1ac9338744f61a02 -> 
  custom:container-demuxer-ogg: 62fdf1f143b41e24485cea50d1cbac27 -> 
  custom:video-encoder-webm-vp8: eb34c28f22e8b96e1ab97ce403110664 -> 
  custom:video-decoder-webm-vp8: 9c59270c3fd7afecdb556c50c9e8de78 -> 
  custom:audio-decoder-ogg-vorbis: bf7c407c2cedff20999df2af8eb42d56 -> 
  custom:audio-encoder-webm-vorbis: bf7c407c2cedff20999df2af8eb42d56 -> 
========================================================================
Received Prepare
Registering precompiled user dll's ...
Registered in 0.003299 seconds.
Begin MonoManager ReloadAssembly
Native extension for WindowsStandalone target not found
Native extension for WebGL target not found
Refreshing native plugins compatible for Editor in 0.40 ms, found 2 plugins.
Preloading 0 native plugins for Editor in 0.00 ms.
Mono: successfully reloaded assembly
- Completed reload, in  1.177 seconds
Domain Reload Profiling:
	ReloadAssembly (1177ms)
		BeginReloadAssembly (106ms)
			ExecutionOrderSort (0ms)
			DisableScriptedObjects (4ms)
			BackupInstance (0ms)
			ReleaseScriptingObjects (0ms)
			CreateAndSetChildDomain (36ms)
		EndReloadAssembly (1013ms)
			LoadAssemblies (79ms)
			RebuildTransferFunctionScriptingTraits (0ms)
			SetupTypeCache (254ms)
			ReleaseScriptCaches (1ms)
			RebuildScriptCaches (36ms)
			SetupLoadedEditorAssemblies (539ms)
				LogAssemblyErrors (0ms)
				InitializePlatformSupportModulesInManaged (6ms)
				SetLoadedEditorAssemblies (0ms)
				RefreshPlugins (0ms)
				BeforeProcessingInitializeOnLoad (67ms)
				ProcessInitializeOnLoadAttributes (454ms)
				ProcessInitializeOnLoadMethodAttributes (4ms)
				AfterProcessingInitializeOnLoad (7ms)
				EditorAssembliesLoaded (1ms)
			ExecutionOrderSort2 (0ms)
			AwakeInstancesAfterBackupRestoration (7ms)
Platform modules already initialized, skipping
Refreshing native plugins compatible for Editor in 0.59 ms, found 2 plugins.
Preloading 0 native plugins for Editor in 0.00 ms.
Unloading 1710 Unused Serialized files (Serialized files now loaded: 0)
System memory in use before: 116.4 MB.
System memory in use after: 116.5 MB.

Unloading 13 unused Assets to reduce memory usage. Loaded Objects now: 2243.
Total: 9.503200 ms (FindLiveObjects: 0.356400 ms CreateObjectMapping: 0.140600 ms MarkObjects: 8.840500 ms  DeleteObjects: 0.158700 ms)

AssetImportParameters requested are different than current active one (requested -> active):
  custom:framework-win-MediaFoundation: 216162199b28c13a410421893ffa2e32 -> 
  custom:video-decoder-ogg-theora: a1e56fd34408186e4bbccfd4996cb3dc -> 
  custom:container-muxer-webm: aa71ff27fc2769a1b78a27578f13a17b -> 
  custom:container-demuxer-webm: 4f35f7cbe854078d1ac9338744f61a02 -> 
  custom:container-demuxer-ogg: 62fdf1f143b41e24485cea50d1cbac27 -> 
  custom:video-encoder-webm-vp8: eb34c28f22e8b96e1ab97ce403110664 -> 
  custom:video-decoder-webm-vp8: 9c59270c3fd7afecdb556c50c9e8de78 -> 
  custom:audio-decoder-ogg-vorbis: bf7c407c2cedff20999df2af8eb42d56 -> 
  custom:audio-encoder-webm-vorbis: bf7c407c2cedff20999df2af8eb42d56 -> 
